This file contains any messages produced by compilers while
running configure, to aid debugging if configure makes a mistake.

It was created by OpenJDK configure jdk8, which was
generated by GNU Autoconf 2.69.  Invocation command line was

  $ /home/fujimoto/openjdk-jdk8u/configure --enable-option-checking=fatal --with-boot-jdk=/cygdrive/c/AdoptOpenJDK/prerequisite/jdk7 --with-jvm-variants=server --with-freetype=/cygdrive/c/AdoptOpenJDK/prerequisite/freetype --disable-debug-symbols --disable-zip-debug-info --with-milestone=001 --with-user-release-suffix=informatix

## --------- ##
## Platform. ##
## --------- ##

hostname = AdoptOpenJDK
uname -m = x86_64
uname -r = 2.11.2(0.329/5/3)
uname -s = CYGWIN_NT-6.3
uname -v = 2018-11-08 14:34

/usr/bin/uname -p = unknown
/bin/uname -X     = unknown

/bin/arch              = x86_64
/usr/bin/arch -k       = unknown
/usr/convex/getsysinfo = unknown
/usr/bin/hostinfo      = unknown
/bin/machine           = unknown
/usr/bin/oslevel       = unknown
/bin/universe          = unknown

PATH: /usr/local/bin
PATH: /usr/bin
PATH: /cygdrive/c/Windows/system32
PATH: /cygdrive/c/Windows
PATH: /cygdrive/c/Windows/System32/Wbem
PATH: /cygdrive/c/Windows/System32/WindowsPowerShell/v1.0
PATH: /cygdrive/c/Program Files/Microsoft SQL Server/110/Tools/Binn
PATH: /usr/bin


## ----------- ##
## Core tests. ##
## ----------- ##

configure:4428: Configuration created at Fri Oct 25 17:46:09 JST 2019.
configure:4430: configure script generated at timestamp 1571408111.
configure:4453: checking for basename
configure:4471: found /usr/bin/basename
configure:4483: result: /usr/bin/basename
configure:4704: checking for bash
configure:4734: result: /usr/bin/bash
configure:4839: checking for cat
configure:4857: found /usr/bin/cat
configure:4869: result: /usr/bin/cat
configure:5032: checking for chmod
configure:5050: found /usr/bin/chmod
configure:5062: result: /usr/bin/chmod
configure:5225: checking for cmp
configure:5243: found /usr/bin/cmp
configure:5255: result: /usr/bin/cmp
configure:5418: checking for comm
configure:5436: found /usr/bin/comm
configure:5448: result: /usr/bin/comm
configure:5611: checking for cp
configure:5629: found /usr/bin/cp
configure:5641: result: /usr/bin/cp
configure:5804: checking for cut
configure:5822: found /usr/bin/cut
configure:5834: result: /usr/bin/cut
configure:5997: checking for date
configure:6015: found /usr/bin/date
configure:6027: result: /usr/bin/date
configure:6190: checking for gdiff
configure:6223: result: no
configure:6190: checking for diff
configure:6208: found /usr/bin/diff
configure:6220: result: /usr/bin/diff
configure:6383: checking for dirname
configure:6401: found /usr/bin/dirname
configure:6413: result: /usr/bin/dirname
configure:6576: checking for echo
configure:6594: found /usr/bin/echo
configure:6606: result: /usr/bin/echo
configure:6769: checking for expr
configure:6787: found /usr/bin/expr
configure:6799: result: /usr/bin/expr
configure:6962: checking for file
configure:6980: found /usr/bin/file
configure:6992: result: /usr/bin/file
configure:7155: checking for find
configure:7173: found /usr/bin/find
configure:7185: result: /usr/bin/find
configure:7348: checking for head
configure:7366: found /usr/bin/head
configure:7378: result: /usr/bin/head
configure:7541: checking for ln
configure:7559: found /usr/bin/ln
configure:7571: result: /usr/bin/ln
configure:7734: checking for ls
configure:7752: found /usr/bin/ls
configure:7764: result: /usr/bin/ls
configure:7927: checking for mkdir
configure:7945: found /usr/bin/mkdir
configure:7957: result: /usr/bin/mkdir
configure:8120: checking for mktemp
configure:8138: found /usr/bin/mktemp
configure:8150: result: /usr/bin/mktemp
configure:8313: checking for mv
configure:8331: found /usr/bin/mv
configure:8343: result: /usr/bin/mv
configure:8506: checking for nawk
configure:8539: result: no
configure:8506: checking for gawk
configure:8524: found /usr/bin/gawk
configure:8536: result: /usr/bin/gawk
configure:8699: checking for printf
configure:8717: found /usr/bin/printf
configure:8729: result: /usr/bin/printf
configure:8892: checking for rm
configure:8910: found /usr/bin/rm
configure:8922: result: /usr/bin/rm
configure:9085: checking for sh
configure:9103: found /usr/bin/sh
configure:9115: result: /usr/bin/sh
configure:9278: checking for sort
configure:9296: found /usr/bin/sort
configure:9308: result: /usr/bin/sort
configure:9471: checking for tail
configure:9489: found /usr/bin/tail
configure:9501: result: /usr/bin/tail
configure:9664: checking for tar
configure:9682: found /usr/bin/tar
configure:9694: result: /usr/bin/tar
configure:9857: checking for tee
configure:9875: found /usr/bin/tee
configure:9887: result: /usr/bin/tee
configure:10050: checking for touch
configure:10068: found /usr/bin/touch
configure:10080: result: /usr/bin/touch
configure:10243: checking for tr
configure:10261: found /usr/bin/tr
configure:10273: result: /usr/bin/tr
configure:10436: checking for uname
configure:10454: found /usr/bin/uname
configure:10466: result: /usr/bin/uname
configure:10629: checking for uniq
configure:10647: found /usr/bin/uniq
configure:10659: result: /usr/bin/uniq
configure:10822: checking for wc
configure:10840: found /usr/bin/wc
configure:10852: result: /usr/bin/wc
configure:11015: checking for which
configure:11033: found /usr/bin/which
configure:11045: result: /usr/bin/which
configure:11208: checking for xargs
configure:11226: found /usr/bin/xargs
configure:11238: result: /usr/bin/xargs
configure:11402: checking for gawk
configure:11418: found /usr/bin/gawk
configure:11429: result: gawk
configure:11583: checking for grep that handles long lines and -e
configure:11641: result: /usr/bin/grep
configure:11810: checking for egrep
configure:11872: result: /usr/bin/grep -E
configure:12045: checking for fgrep
configure:12107: result: /usr/bin/grep -F
configure:12280: checking for a sed that does not truncate output
configure:12344: result: /usr/bin/sed
configure:12532: checking for cygpath
configure:12550: found /usr/bin/cygpath
configure:12562: result: /usr/bin/cygpath
configure:12718: checking for greadlink
configure:12751: result: no
configure:12718: checking for readlink
configure:12736: found /usr/bin/readlink
configure:12748: result: /usr/bin/readlink
configure:12904: checking for df
configure:12922: found /usr/bin/df
configure:12934: result: /usr/bin/df
configure:13090: checking for SetFile
configure:13123: result: no
configure:13276: checking for cpio
configure:13294: found /usr/bin/cpio
configure:13306: result: /usr/bin/cpio
configure:13459: checking build system type
configure:13473: result: x86_64-unknown-cygwin
configure:13493: checking host system type
configure:13506: result: x86_64-unknown-cygwin
configure:13526: checking target system type
configure:13539: result: x86_64-unknown-cygwin
configure:13718: checking openjdk-build os-cpu
configure:13720: result: windows-x86_64
configure:13856: checking openjdk-target os-cpu
configure:13858: result: windows-x86_64
configure:13908: checking compilation type
configure:13910: result: native
configure:14074: checking cygwin release
configure:14077: result: 2.11.2(0.329/5/3)
configure:14091: checking cygwin root directory as unix-style path
configure:14097: result: /cygdrive/c/cygwin64
configure:14136: checking what kind of 'find' is first on the PATH
configure:14140: result: unix style
configure:14163: checking for top-level directory
configure:14165: result: /home/fujimoto/openjdk-jdk8u
configure:14228: Rewriting CURDIR to "/cygdrive/c/cygwin64/home/fujimoto/openjdk-jdk8u"
configure:14350: Rewriting TOPDIR to "/cygdrive/c/cygwin64/home/fujimoto/openjdk-jdk8u"
configure:14440: checking for presence of closed sources
configure:14447: result: no
configure:14450: checking if closed source is suppressed (openjdk-only)
configure:14453: result: no
configure:14490: checking which variant of the JDK to build
configure:14507: result: normal
configure:14517: checking which interpreter of the JVM to build
configure:14538: result: template
configure:14555: checking which variants of the JVM to build
configure:14574: result: server
configure:14649: checking which debug level to use
configure:14673: result: release
configure:15119: checking for sysroot
configure:15121: result: 
configure:15123: checking for toolchain path
configure:15125: result: 
configure:15127: checking for extra path
configure:15129: result: 
configure:15145: checking where to store configuration
configure:15153: result: in default location
configure:15211: checking what configuration name to use
configure:15213: result: windows-x86_64-normal-server-release
configure:15377: checking for apt-get
configure:15407: result: no
configure:15377: checking for yum
configure:15407: result: no
configure:15377: checking for port
configure:15407: result: no
configure:15377: checking for pkgutil
configure:15407: result: no
configure:15377: checking for pkgadd
configure:15407: result: no
configure:15758: checking for gmake
configure:15791: result: no
configure:16128: checking for make
configure:16146: found /usr/bin/make
configure:16158: result: /usr/bin/make
configure:16173: Testing potential make at /usr/bin/make, found using make in PATH
configure:17248: Using GNU make 3.81 (or later) at /usr/bin/make (version: GNU Make 4.2.1)
configure:17254: checking if find supports -delete
configure:17270: result: yes
configure:17291: checking for unzip
configure:17309: found /usr/bin/unzip
configure:17321: result: /usr/bin/unzip
configure:17484: checking for zip
configure:17502: found /usr/bin/zip
configure:17514: result: /usr/bin/zip
configure:17679: checking for ldd
configure:17697: found /usr/bin/ldd
configure:17709: result: /usr/bin/ldd
configure:17871: checking for readelf
configure:17889: found /usr/bin/readelf
configure:17901: result: /usr/bin/readelf
configure:18057: checking for hg
configure:18090: result: no
configure:18243: checking for stat
configure:18261: found /usr/bin/stat
configure:18273: result: /usr/bin/stat
configure:18429: checking for time
configure:18462: result: no
configure:18676: WARNING: Ignoring value of COMM from the environment. Use command line variables instead.
configure:18684: checking for comm
configure:18714: result: /usr/bin/comm
configure:19451: checking for pkg-config
configure:19484: result: no
configure:19624: checking for 7z
configure:19654: result: no
configure:19624: checking for unzip
configure:19640: found /usr/bin/unzip
configure:19651: result: unzip
configure:19670: checking for wget
configure:19700: result: no
configure:19670: checking for lftp
configure:19700: result: no
configure:19670: checking for ftp
configure:19686: found /cygdrive/c/Windows/system32/ftp
configure:19697: result: ftp
configure:19724: checking headful support
configure:19748: result: include support for both headful and headless
configure:20048: Found potential Boot JDK using configure arguments
configure:20211: checking for Boot JDK
configure:20213: result: /cygdrive/c/AdoptOpenJDK/prerequisite/jdk7
configure:20215: checking Boot JDK version
configure:20218: result: java version "1.7.0_80"  Java(TM) SE Runtime Environment (build 1.7.0_80-b15)  Java HotSpot(TM) 64-Bit Server VM (build 24.80-b11, mixed mode)  
configure:24681: checking for java in Boot JDK
configure:24691: result: ok
configure:24695: checking for javac in Boot JDK
configure:24705: result: ok
configure:24709: checking for javah in Boot JDK
configure:24719: result: ok
configure:24723: checking for javap in Boot JDK
configure:24733: result: ok
configure:24737: checking for jar in Boot JDK
configure:24747: result: ok
configure:24751: checking for rmic in Boot JDK
configure:24761: result: ok
configure:24765: checking for native2ascii in Boot JDK
configure:24775: result: ok
configure:24792: checking if Boot JDK is 32 or 64 bits
configure:24794: result: 64
configure:24810: checking flags for boot jdk java command 
Check if jvm arg is ok: -XX:-PrintVMOptions -XX:-UnlockDiagnosticVMOptions -XX:-LogVMOutput
Command: /cygdrive/c/AdoptOpenJDK/prerequisite/jdk7/bin/java -XX:-PrintVMOptions -XX:-UnlockDiagnosticVMOptions -XX:-LogVMOutput -version
Arg failed:
Error: Could not create the Java Virtual Machine.
Error: A fatal exception has occurred. Program will exit.
Improperly specified VM option 'LogVMOutput'
Check if jvm arg is ok: 
Command: /cygdrive/c/AdoptOpenJDK/prerequisite/jdk7/bin/java  -version
configure:24847: result:  
configure:24855: checking flags for boot jdk java command for big workloads
Check if jvm arg is ok: -Xms64M
Command: /cygdrive/c/AdoptOpenJDK/prerequisite/jdk7/bin/java -Xms64M -version
Check if jvm arg is ok: -Xmx1600M
Command: /cygdrive/c/AdoptOpenJDK/prerequisite/jdk7/bin/java -Xmx1600M -version
Check if jvm arg is ok: -XX:ThreadStackSize=1536
Command: /cygdrive/c/AdoptOpenJDK/prerequisite/jdk7/bin/java -XX:ThreadStackSize=1536 -version
Check if jvm arg is ok: -XX:PermSize=32m
Command: /cygdrive/c/AdoptOpenJDK/prerequisite/jdk7/bin/java -XX:PermSize=32m -version
Check if jvm arg is ok: -XX:MaxPermSize=160m
Command: /cygdrive/c/AdoptOpenJDK/prerequisite/jdk7/bin/java -XX:MaxPermSize=160m -version
configure:24949: result:  -Xms64M -Xmx1600M -XX:ThreadStackSize=1536 -XX:PermSize=32m -XX:MaxPermSize=160m
configure:24956: checking flags for boot jdk java command for small workloads
Check if jvm arg is ok: -XX:+UseSerialGC
Command: /cygdrive/c/AdoptOpenJDK/prerequisite/jdk7/bin/java -XX:+UseSerialGC -version
Check if jvm arg is ok: -Xms32M
Command: /cygdrive/c/AdoptOpenJDK/prerequisite/jdk7/bin/java -Xms32M -version
Check if jvm arg is ok: -Xmx512M
Command: /cygdrive/c/AdoptOpenJDK/prerequisite/jdk7/bin/java -Xmx512M -version
configure:25006: result:  -XX:+UseSerialGC -Xms32M -Xmx512M
configure:25431: Using default toolchain microsoft (Microsoft Visual Studio)
configure:25468: checking for link
configure:25486: found /usr/bin/link
configure:25498: result: /usr/bin/link
configure:25507: checking if the first found link.exe is actually the Cygwin link tool
configure:25511: result: yes
configure:25781: Found Visual Studio installation at /cygdrive/c/Program Files (x86)/Microsoft Visual Studio 12.0/ using VS120COMNTOOLS variable
configure:26288: Found Microsoft Visual Studio 2013
configure:26582: Rewriting VS_ENV_CMD to "/cygdrive/c/progra~2/micros~1.0/vc/bin/x86_am~1/vcvars~1.bat"
configure:26588: Trying to extract Visual Studio environment variables
configure:26666: Setting extracted environment variables
configure:26679: checking for Visual Studio variables
configure:26689: result: ok
configure:27022: checking for cl
configure:27040: found /cygdrive/c/Program Files (x86)/Microsoft Visual Studio 12.0/VC/BIN/x86_amd64/cl
configure:27052: result: /cygdrive/c/Program Files (x86)/Microsoft Visual Studio 12.0/VC/BIN/x86_amd64/cl
configure:27380: Rewriting CC to "/cygdrive/c/progra~2/micros~1.0/vc/bin/x86_am~1/cl"
configure:27386: checking resolved symbolic links for CC
configure:27438: result: no symlink
configure:28019: Using microsoft C compiler version 18.00.21005.1 [Microsoft(R) C/C++ Optimizing Compiler Version 18.00.21005.1 for x64]
configure:28136: checking for C compiler version
configure:28145: /cygdrive/c/progra~2/micros~1.0/vc/bin/x86_am~1/cl --version >&5
Microsoft(R) C/C++ Optimizing Compiler Version 18.00.21005.1 for x64
Copyright (C) Microsoft Corporation.  All rights reserved.

cl : コマンド ライン warning D9002 : 不明なオプション '--version' を無視します
cl : コマンド ライン error D8003 : ソース ファイル名がありません
configure:28156: $? = 2
configure:28145: /cygdrive/c/progra~2/micros~1.0/vc/bin/x86_am~1/cl -v >&5
Microsoft(R) C/C++ Optimizing Compiler Version 18.00.21005.1 for x64
Copyright (C) Microsoft Corporation.  All rights reserved.

cl : コマンド ライン warning D9002 : 不明なオプション '-v' を無視します
cl : コマンド ライン error D8003 : ソース ファイル名がありません
configure:28156: $? = 2
configure:28145: /cygdrive/c/progra~2/micros~1.0/vc/bin/x86_am~1/cl -V >&5
Microsoft(R) C/C++ Optimizing Compiler Version 18.00.21005.1 for x64
Copyright (C) Microsoft Corporation.  All rights reserved.

cl : コマンド ライン error D8004 : '/V' には引数が必要です
configure:28156: $? = 2
configure:28145: /cygdrive/c/progra~2/micros~1.0/vc/bin/x86_am~1/cl -qversion >&5
Microsoft(R) C/C++ Optimizing Compiler Version 18.00.21005.1 for x64
Copyright (C) Microsoft Corporation.  All rights reserved.

cl : コマンド ライン warning D9002 : 不明なオプション '-qversion' を無視します
cl : コマンド ライン error D8003 : ソース ファイル名がありません
configure:28156: $? = 2
configure:28176: checking whether the C compiler works
configure:28198: /cygdrive/c/progra~2/micros~1.0/vc/bin/x86_am~1/cl    conftest.c  >&5
Microsoft(R) C/C++ Optimizing Compiler Version 18.00.21005.1 for x64
Copyright (C) Microsoft Corporation.  All rights reserved.

conftest.c
Microsoft (R) Incremental Linker Version 12.00.21005.1
Copyright (C) Microsoft Corporation.  All rights reserved.

/out:conftest.exe 
conftest.obj 
configure:28202: $? = 0
configure:28250: result: yes
configure:28253: checking for C compiler default output file name
configure:28255: result: conftest.exe
configure:28261: checking for suffix of executables
configure:28268: /cygdrive/c/progra~2/micros~1.0/vc/bin/x86_am~1/cl -o conftest.exe    conftest.c  >&5
Microsoft(R) C/C++ Optimizing Compiler Version 18.00.21005.1 for x64
Copyright (C) Microsoft Corporation.  All rights reserved.

cl : コマンド ライン warning D9035 : オプション 'o' の使用は現在推奨されていません。今後のバージョンからは削除されます。
conftest.c
Microsoft (R) Incremental Linker Version 12.00.21005.1
Copyright (C) Microsoft Corporation.  All rights reserved.

/out:conftest.exe 
/out:conftest.exe 
conftest.obj 
configure:28272: $? = 0
configure:28294: result: .exe
configure:28316: checking whether we are cross compiling
configure:28324: /cygdrive/c/progra~2/micros~1.0/vc/bin/x86_am~1/cl -o conftest.exe    conftest.c  >&5
Microsoft(R) C/C++ Optimizing Compiler Version 18.00.21005.1 for x64
Copyright (C) Microsoft Corporation.  All rights reserved.

cl : コマンド ライン warning D9035 : オプション 'o' の使用は現在推奨されていません。今後のバージョンからは削除されます。
conftest.c
Microsoft (R) Incremental Linker Version 12.00.21005.1
Copyright (C) Microsoft Corporation.  All rights reserved.

/out:conftest.exe 
/out:conftest.exe 
conftest.obj 
configure:28328: $? = 0
configure:28335: ./conftest.exe
configure:28339: $? = 0
configure:28354: result: no
configure:28359: checking for suffix of object files
configure:28381: /cygdrive/c/progra~2/micros~1.0/vc/bin/x86_am~1/cl -c   conftest.c >&5
Microsoft(R) C/C++ Optimizing Compiler Version 18.00.21005.1 for x64
Copyright (C) Microsoft Corporation.  All rights reserved.

conftest.c
configure:28385: $? = 0
configure:28406: result: obj
configure:28410: checking whether we are using the GNU C compiler
configure:28429: /cygdrive/c/progra~2/micros~1.0/vc/bin/x86_am~1/cl -c   conftest.c >&5
conftest.c
conftest.c(14) : error C2065: 'choke' : 定義されていない識別子です。
conftest.c(14) : error C2146: 構文エラー : ';' が、識別子 'me' の前に必要です。
conftest.c(17) : error C2065: 'me' : 定義されていない識別子です。
Microsoft(R) C/C++ Optimizing Compiler Version 18.00.21005.1 for x64
Copyright (C) Microsoft Corporation.  All rights reserved.

configure:28429: $? = 2
configure: failed program was:
| /* confdefs.h */
| #define PACKAGE_NAME "OpenJDK"
| #define PACKAGE_TARNAME "openjdk"
| #define PACKAGE_VERSION "jdk8"
| #define PACKAGE_STRING "OpenJDK jdk8"
| #define PACKAGE_BUGREPORT "build-dev@openjdk.java.net"
| #define PACKAGE_URL "http://openjdk.java.net"
| /* end confdefs.h.  */
| 
| int
| main ()
| {
| #ifndef __GNUC__
|        choke me
| #endif
| 
|   ;
|   return 0;
| }
configure:28438: result: no
configure:28447: checking whether /cygdrive/c/progra~2/micros~1.0/vc/bin/x86_am~1/cl accepts -g
configure:28467: /cygdrive/c/progra~2/micros~1.0/vc/bin/x86_am~1/cl -c -g  conftest.c >&5
conftest.c
Microsoft(R) C/C++ Optimizing Compiler Version 18.00.21005.1 for x64
Copyright (C) Microsoft Corporation.  All rights reserved.

cl : コマンド ライン warning D9002 : 不明なオプション '-g' を無視します
configure:28467: $? = 0
configure: failed program was:
| /* confdefs.h */
| #define PACKAGE_NAME "OpenJDK"
| #define PACKAGE_TARNAME "openjdk"
| #define PACKAGE_VERSION "jdk8"
| #define PACKAGE_STRING "OpenJDK jdk8"
| #define PACKAGE_BUGREPORT "build-dev@openjdk.java.net"
| #define PACKAGE_URL "http://openjdk.java.net"
| /* end confdefs.h.  */
| 
| int
| main ()
| {
| 
|   ;
|   return 0;
| }
configure:28482: /cygdrive/c/progra~2/micros~1.0/vc/bin/x86_am~1/cl -c   conftest.c >&5
conftest.c
Microsoft(R) C/C++ Optimizing Compiler Version 18.00.21005.1 for x64
Copyright (C) Microsoft Corporation.  All rights reserved.

configure:28482: $? = 0
configure: failed program was:
| /* confdefs.h */
| #define PACKAGE_NAME "OpenJDK"
| #define PACKAGE_TARNAME "openjdk"
| #define PACKAGE_VERSION "jdk8"
| #define PACKAGE_STRING "OpenJDK jdk8"
| #define PACKAGE_BUGREPORT "build-dev@openjdk.java.net"
| #define PACKAGE_URL "http://openjdk.java.net"
| /* end confdefs.h.  */
| 
| int
| main ()
| {
| 
|   ;
|   return 0;
| }
configure:28498: /cygdrive/c/progra~2/micros~1.0/vc/bin/x86_am~1/cl -c -g  conftest.c >&5
conftest.c
Microsoft(R) C/C++ Optimizing Compiler Version 18.00.21005.1 for x64
Copyright (C) Microsoft Corporation.  All rights reserved.

cl : コマンド ライン warning D9002 : 不明なオプション '-g' を無視します
configure:28498: $? = 0
configure:28508: result: yes
configure:28525: checking for /cygdrive/c/progra~2/micros~1.0/vc/bin/x86_am~1/cl option to accept ISO C89
configure:28588: /cygdrive/c/progra~2/micros~1.0/vc/bin/x86_am~1/cl  -c -g  conftest.c >&5
conftest.c
conftest.c(54) : warning C4113: 'char *(__cdecl *)()' はパラメーター リストが 'char *(__cdecl *)(char **,int)' と異なります。
Microsoft(R) C/C++ Optimizing Compiler Version 18.00.21005.1 for x64
Copyright (C) Microsoft Corporation.  All rights reserved.

cl : コマンド ライン warning D9002 : 不明なオプション '-g' を無視します
configure:28588: $? = 0
configure:28601: result: none needed
configure:28763: checking for cl
configure:28781: found /cygdrive/c/Program Files (x86)/Microsoft Visual Studio 12.0/VC/BIN/x86_amd64/cl
configure:28793: result: /cygdrive/c/Program Files (x86)/Microsoft Visual Studio 12.0/VC/BIN/x86_amd64/cl
configure:29121: Rewriting CXX to "/cygdrive/c/progra~2/micros~1.0/vc/bin/x86_am~1/cl"
configure:29127: checking resolved symbolic links for CXX
configure:29179: result: no symlink
configure:29760: Using microsoft C++ compiler version 18.00.21005.1 [Microsoft(R) C/C++ Optimizing Compiler Version 18.00.21005.1 for x64]
configure:29877: checking for C++ compiler version
configure:29886: /cygdrive/c/progra~2/micros~1.0/vc/bin/x86_am~1/cl --version >&5
Microsoft(R) C/C++ Optimizing Compiler Version 18.00.21005.1 for x64
Copyright (C) Microsoft Corporation.  All rights reserved.

cl : コマンド ライン warning D9002 : 不明なオプション '--version' を無視します
cl : コマンド ライン error D8003 : ソース ファイル名がありません
configure:29897: $? = 2
configure:29886: /cygdrive/c/progra~2/micros~1.0/vc/bin/x86_am~1/cl -v >&5
Microsoft(R) C/C++ Optimizing Compiler Version 18.00.21005.1 for x64
Copyright (C) Microsoft Corporation.  All rights reserved.

cl : コマンド ライン warning D9002 : 不明なオプション '-v' を無視します
cl : コマンド ライン error D8003 : ソース ファイル名がありません
configure:29897: $? = 2
configure:29886: /cygdrive/c/progra~2/micros~1.0/vc/bin/x86_am~1/cl -V >&5
Microsoft(R) C/C++ Optimizing Compiler Version 18.00.21005.1 for x64
Copyright (C) Microsoft Corporation.  All rights reserved.

cl : コマンド ライン error D8004 : '/V' には引数が必要です
configure:29897: $? = 2
configure:29886: /cygdrive/c/progra~2/micros~1.0/vc/bin/x86_am~1/cl -qversion >&5
Microsoft(R) C/C++ Optimizing Compiler Version 18.00.21005.1 for x64
Copyright (C) Microsoft Corporation.  All rights reserved.

cl : コマンド ライン warning D9002 : 不明なオプション '-qversion' を無視します
cl : コマンド ライン error D8003 : ソース ファイル名がありません
configure:29897: $? = 2
configure:29901: checking whether we are using the GNU C++ compiler
configure:29920: /cygdrive/c/progra~2/micros~1.0/vc/bin/x86_am~1/cl -c   conftest.cpp >&5
conftest.cpp
conftest.cpp(17) : error C2065: 'choke' : 定義されていない識別子です。
conftest.cpp(17) : error C2146: 構文エラー : ';' が、識別子 'me' の前に必要です。
conftest.cpp(17) : error C2065: 'me' : 定義されていない識別子です。
Microsoft(R) C/C++ Optimizing Compiler Version 18.00.21005.1 for x64
Copyright (C) Microsoft Corporation.  All rights reserved.

configure:29920: $? = 2
configure: failed program was:
| /* confdefs.h */
| #define PACKAGE_NAME "OpenJDK"
| #define PACKAGE_TARNAME "openjdk"
| #define PACKAGE_VERSION "jdk8"
| #define PACKAGE_STRING "OpenJDK jdk8"
| #define PACKAGE_BUGREPORT "build-dev@openjdk.java.net"
| #define PACKAGE_URL "http://openjdk.java.net"
| /* end confdefs.h.  */
| 
| int
| main ()
| {
| #ifndef __GNUC__
|        choke me
| #endif
| 
|   ;
|   return 0;
| }
configure:29929: result: no
configure:29938: checking whether /cygdrive/c/progra~2/micros~1.0/vc/bin/x86_am~1/cl accepts -g
configure:29958: /cygdrive/c/progra~2/micros~1.0/vc/bin/x86_am~1/cl -c -g  conftest.cpp >&5
conftest.cpp
Microsoft(R) C/C++ Optimizing Compiler Version 18.00.21005.1 for x64
Copyright (C) Microsoft Corporation.  All rights reserved.

cl : コマンド ライン warning D9002 : 不明なオプション '-g' を無視します
configure:29958: $? = 0
configure: failed program was:
| /* confdefs.h */
| #define PACKAGE_NAME "OpenJDK"
| #define PACKAGE_TARNAME "openjdk"
| #define PACKAGE_VERSION "jdk8"
| #define PACKAGE_STRING "OpenJDK jdk8"
| #define PACKAGE_BUGREPORT "build-dev@openjdk.java.net"
| #define PACKAGE_URL "http://openjdk.java.net"
| /* end confdefs.h.  */
| 
| int
| main ()
| {
| 
|   ;
|   return 0;
| }
configure:29973: /cygdrive/c/progra~2/micros~1.0/vc/bin/x86_am~1/cl -c   conftest.cpp >&5
conftest.cpp
Microsoft(R) C/C++ Optimizing Compiler Version 18.00.21005.1 for x64
Copyright (C) Microsoft Corporation.  All rights reserved.

configure:29973: $? = 0
configure: failed program was:
| /* confdefs.h */
| #define PACKAGE_NAME "OpenJDK"
| #define PACKAGE_TARNAME "openjdk"
| #define PACKAGE_VERSION "jdk8"
| #define PACKAGE_STRING "OpenJDK jdk8"
| #define PACKAGE_BUGREPORT "build-dev@openjdk.java.net"
| #define PACKAGE_URL "http://openjdk.java.net"
| /* end confdefs.h.  */
| 
| int
| main ()
| {
| 
|   ;
|   return 0;
| }
configure:29989: /cygdrive/c/progra~2/micros~1.0/vc/bin/x86_am~1/cl -c -g  conftest.cpp >&5
conftest.cpp
Microsoft(R) C/C++ Optimizing Compiler Version 18.00.21005.1 for x64
Copyright (C) Microsoft Corporation.  All rights reserved.

cl : コマンド ライン warning D9002 : 不明なオプション '-g' を無視します
configure:29989: $? = 0
configure:29999: result: yes
configure:30037: WARNING: C compiler version number has more than three parts (X.Y.Z): . Comparisons might be wrong.
configure:30057: checking how to run the C preprocessor
configure:30088: /cygdrive/c/progra~2/micros~1.0/vc/bin/x86_am~1/cl -E  conftest.c
Microsoft(R) C/C++ Optimizing Compiler Version 18.00.21005.1 for x64
Copyright (C) Microsoft Corporation.  All rights reserved.

conftest.c
configure:30088: $? = 0
configure:30102: /cygdrive/c/progra~2/micros~1.0/vc/bin/x86_am~1/cl -E  conftest.c
Microsoft(R) C/C++ Optimizing Compiler Version 18.00.21005.1 for x64
Copyright (C) Microsoft Corporation.  All rights reserved.

conftest.c
conftest.c(9) : fatal error C1083: include ファイルを開けません。'ac_nonexistent.h':No such file or directory
configure:30102: $? = 2
configure: failed program was:
| /* confdefs.h */
| #define PACKAGE_NAME "OpenJDK"
| #define PACKAGE_TARNAME "openjdk"
| #define PACKAGE_VERSION "jdk8"
| #define PACKAGE_STRING "OpenJDK jdk8"
| #define PACKAGE_BUGREPORT "build-dev@openjdk.java.net"
| #define PACKAGE_URL "http://openjdk.java.net"
| /* end confdefs.h.  */
| #include <ac_nonexistent.h>
configure:30127: result: /cygdrive/c/progra~2/micros~1.0/vc/bin/x86_am~1/cl -E
configure:30147: /cygdrive/c/progra~2/micros~1.0/vc/bin/x86_am~1/cl -E  conftest.c
Microsoft(R) C/C++ Optimizing Compiler Version 18.00.21005.1 for x64
Copyright (C) Microsoft Corporation.  All rights reserved.

conftest.c
configure:30147: $? = 0
configure:30161: /cygdrive/c/progra~2/micros~1.0/vc/bin/x86_am~1/cl -E  conftest.c
Microsoft(R) C/C++ Optimizing Compiler Version 18.00.21005.1 for x64
Copyright (C) Microsoft Corporation.  All rights reserved.

conftest.c
conftest.c(9) : fatal error C1083: include ファイルを開けません。'ac_nonexistent.h':No such file or directory
configure:30161: $? = 2
configure: failed program was:
| /* confdefs.h */
| #define PACKAGE_NAME "OpenJDK"
| #define PACKAGE_TARNAME "openjdk"
| #define PACKAGE_VERSION "jdk8"
| #define PACKAGE_STRING "OpenJDK jdk8"
| #define PACKAGE_BUGREPORT "build-dev@openjdk.java.net"
| #define PACKAGE_URL "http://openjdk.java.net"
| /* end confdefs.h.  */
| #include <ac_nonexistent.h>
configure:30476: checking how to run the C++ preprocessor
configure:30503: /cygdrive/c/progra~2/micros~1.0/vc/bin/x86_am~1/cl -E  conftest.cpp
Microsoft(R) C/C++ Optimizing Compiler Version 18.00.21005.1 for x64
Copyright (C) Microsoft Corporation.  All rights reserved.

conftest.cpp
configure:30503: $? = 0
configure:30517: /cygdrive/c/progra~2/micros~1.0/vc/bin/x86_am~1/cl -E  conftest.cpp
Microsoft(R) C/C++ Optimizing Compiler Version 18.00.21005.1 for x64
Copyright (C) Microsoft Corporation.  All rights reserved.

conftest.cpp
conftest.cpp(9) : fatal error C1083: include ファイルを開けません。'ac_nonexistent.h':No such file or directory
configure:30517: $? = 2
configure: failed program was:
| /* confdefs.h */
| #define PACKAGE_NAME "OpenJDK"
| #define PACKAGE_TARNAME "openjdk"
| #define PACKAGE_VERSION "jdk8"
| #define PACKAGE_STRING "OpenJDK jdk8"
| #define PACKAGE_BUGREPORT "build-dev@openjdk.java.net"
| #define PACKAGE_URL "http://openjdk.java.net"
| /* end confdefs.h.  */
| #include <ac_nonexistent.h>
configure:30542: result: /cygdrive/c/progra~2/micros~1.0/vc/bin/x86_am~1/cl -E
configure:30562: /cygdrive/c/progra~2/micros~1.0/vc/bin/x86_am~1/cl -E  conftest.cpp
Microsoft(R) C/C++ Optimizing Compiler Version 18.00.21005.1 for x64
Copyright (C) Microsoft Corporation.  All rights reserved.

conftest.cpp
configure:30562: $? = 0
configure:30576: /cygdrive/c/progra~2/micros~1.0/vc/bin/x86_am~1/cl -E  conftest.cpp
Microsoft(R) C/C++ Optimizing Compiler Version 18.00.21005.1 for x64
Copyright (C) Microsoft Corporation.  All rights reserved.

conftest.cpp
conftest.cpp(9) : fatal error C1083: include ファイルを開けません。'ac_nonexistent.h':No such file or directory
configure:30576: $? = 2
configure: failed program was:
| /* confdefs.h */
| #define PACKAGE_NAME "OpenJDK"
| #define PACKAGE_TARNAME "openjdk"
| #define PACKAGE_VERSION "jdk8"
| #define PACKAGE_STRING "OpenJDK jdk8"
| #define PACKAGE_BUGREPORT "build-dev@openjdk.java.net"
| #define PACKAGE_URL "http://openjdk.java.net"
| /* end confdefs.h.  */
| #include <ac_nonexistent.h>
configure:30896: checking for link
configure:30917: found /cygdrive/c/Program Files (x86)/Microsoft Visual Studio 12.0/VC/BIN/x86_amd64/link
configure:30940: result: link
configure:31226: Rewriting LD to "/cygdrive/c/progra~2/micros~1.0/vc/bin/x86_am~1/link"
configure:31231: checking if the found link.exe is actually the Visual Studio linker
configure:31239: result: yes
configure:31738: checking for lib
configure:31754: found /cygdrive/c/Program Files (x86)/Microsoft Visual Studio 12.0/VC/BIN/x86_amd64/lib
configure:31765: result: lib
configure:32349: Rewriting AR to "/cygdrive/c/progra~2/micros~1.0/vc/bin/x86_am~1/lib"
configure:33364: checking for mt
configure:33385: found /cygdrive/c/Program Files (x86)/Windows Kits/8.1/bin/x86/mt
configure:33408: result: mt
configure:33694: Rewriting MT to "/cygdrive/c/progra~2/wi3cf2~1/8.1/bin/x86/mt"
configure:33701: checking for rc
configure:33722: found /cygdrive/c/Program Files (x86)/Windows Kits/8.1/bin/x86/rc
configure:33745: result: rc
configure:34031: Rewriting RC to "/cygdrive/c/progra~2/wi3cf2~1/8.1/bin/x86/rc"
configure:34037: checking for dumpbin
configure:34053: found /cygdrive/c/Program Files (x86)/Microsoft Visual Studio 12.0/VC/BIN/x86_amd64/dumpbin
configure:34064: result: dumpbin
configure:34350: Rewriting DUMPBIN to "/cygdrive/c/progra~2/micros~1.0/vc/bin/x86_am~1/dumpbin"
configure:34363: checking for msbuild.exe
configure:34379: found /cygdrive/c/Program Files (x86)/MSBuild/12.0/bin/msbuild.exe
configure:34390: result: msbuild.exe
configure:38121: checking for gobjdump
configure:38151: result: no
configure:38121: checking for objdump
configure:38137: found /usr/bin/objdump
configure:38148: result: objdump
configure:38642: Rewriting OBJDUMP to "/usr/bin/objdump"
configure:40219: checking for jtreg
configure:40221: result: no
configure:40697: checking for ANSI C header files
configure:40717: /cygdrive/c/progra~2/micros~1.0/vc/bin/x86_am~1/cl -c   conftest.cpp >&5
conftest.cpp
Microsoft(R) C/C++ Optimizing Compiler Version 18.00.21005.1 for x64
Copyright (C) Microsoft Corporation.  All rights reserved.

configure:40717: $? = 0
Microsoft(R) C/C++ Optimizing Compiler Version 18.00.21005.1 for x64
Copyright (C) Microsoft Corporation.  All rights reserved.

conftest.cpp
Microsoft(R) C/C++ Optimizing Compiler Version 18.00.21005.1 for x64
Copyright (C) Microsoft Corporation.  All rights reserved.

conftest.cpp
configure:40790: /cygdrive/c/progra~2/micros~1.0/vc/bin/x86_am~1/cl -o conftest.exe    conftest.cpp  >&5
Microsoft(R) C/C++ Optimizing Compiler Version 18.00.21005.1 for x64
Copyright (C) Microsoft Corporation.  All rights reserved.

cl : コマンド ライン warning D9035 : オプション 'o' の使用は現在推奨されていません。今後のバージョンからは削除されます。
conftest.cpp
Microsoft (R) Incremental Linker Version 12.00.21005.1
Copyright (C) Microsoft Corporation.  All rights reserved.

/out:conftest.exe 
/out:conftest.exe 
conftest.obj 
configure:40790: $? = 0
configure:40790: ./conftest.exe
configure:40790: $? = 0
configure:40801: result: yes
configure:40814: checking for sys/types.h
configure:40814: /cygdrive/c/progra~2/micros~1.0/vc/bin/x86_am~1/cl -c   conftest.cpp >&5
conftest.cpp
Microsoft(R) C/C++ Optimizing Compiler Version 18.00.21005.1 for x64
Copyright (C) Microsoft Corporation.  All rights reserved.

configure:40814: $? = 0
configure:40814: result: yes
configure:40814: checking for sys/stat.h
configure:40814: /cygdrive/c/progra~2/micros~1.0/vc/bin/x86_am~1/cl -c   conftest.cpp >&5
conftest.cpp
Microsoft(R) C/C++ Optimizing Compiler Version 18.00.21005.1 for x64
Copyright (C) Microsoft Corporation.  All rights reserved.

configure:40814: $? = 0
configure:40814: result: yes
configure:40814: checking for stdlib.h
configure:40814: /cygdrive/c/progra~2/micros~1.0/vc/bin/x86_am~1/cl -c   conftest.cpp >&5
conftest.cpp
Microsoft(R) C/C++ Optimizing Compiler Version 18.00.21005.1 for x64
Copyright (C) Microsoft Corporation.  All rights reserved.

configure:40814: $? = 0
configure:40814: result: yes
configure:40814: checking for string.h
configure:40814: /cygdrive/c/progra~2/micros~1.0/vc/bin/x86_am~1/cl -c   conftest.cpp >&5
conftest.cpp
Microsoft(R) C/C++ Optimizing Compiler Version 18.00.21005.1 for x64
Copyright (C) Microsoft Corporation.  All rights reserved.

configure:40814: $? = 0
configure:40814: result: yes
configure:40814: checking for memory.h
configure:40814: /cygdrive/c/progra~2/micros~1.0/vc/bin/x86_am~1/cl -c   conftest.cpp >&5
conftest.cpp
Microsoft(R) C/C++ Optimizing Compiler Version 18.00.21005.1 for x64
Copyright (C) Microsoft Corporation.  All rights reserved.

configure:40814: $? = 0
configure:40814: result: yes
configure:40814: checking for strings.h
configure:40814: /cygdrive/c/progra~2/micros~1.0/vc/bin/x86_am~1/cl -c   conftest.cpp >&5
conftest.cpp
conftest.cpp(49) : fatal error C1083: include ファイルを開けません。'strings.h':No such file or directory
Microsoft(R) C/C++ Optimizing Compiler Version 18.00.21005.1 for x64
Copyright (C) Microsoft Corporation.  All rights reserved.

configure:40814: $? = 2
configure: failed program was:
| /* confdefs.h */
| #define PACKAGE_NAME "OpenJDK"
| #define PACKAGE_TARNAME "openjdk"
| #define PACKAGE_VERSION "jdk8"
| #define PACKAGE_STRING "OpenJDK jdk8"
| #define PACKAGE_BUGREPORT "build-dev@openjdk.java.net"
| #define PACKAGE_URL "http://openjdk.java.net"
| #define STDC_HEADERS 1
| #define HAVE_SYS_TYPES_H 1
| #define HAVE_SYS_STAT_H 1
| #define HAVE_STDLIB_H 1
| #define HAVE_STRING_H 1
| #define HAVE_MEMORY_H 1
| /* end confdefs.h.  */
| #include <stdio.h>
| #ifdef HAVE_SYS_TYPES_H
| # include <sys/types.h>
| #endif
| #ifdef HAVE_SYS_STAT_H
| # include <sys/stat.h>
| #endif
| #ifdef STDC_HEADERS
| # include <stdlib.h>
| # include <stddef.h>
| #else
| # ifdef HAVE_STDLIB_H
| #  include <stdlib.h>
| # endif
| #endif
| #ifdef HAVE_STRING_H
| # if !defined STDC_HEADERS && defined HAVE_MEMORY_H
| #  include <memory.h>
| # endif
| # include <string.h>
| #endif
| #ifdef HAVE_STRINGS_H
| # include <strings.h>
| #endif
| #ifdef HAVE_INTTYPES_H
| # include <inttypes.h>
| #endif
| #ifdef HAVE_STDINT_H
| # include <stdint.h>
| #endif
| #ifdef HAVE_UNISTD_H
| # include <unistd.h>
| #endif
| 
| #include <strings.h>
configure:40814: result: no
configure:40814: checking for inttypes.h
configure:40814: /cygdrive/c/progra~2/micros~1.0/vc/bin/x86_am~1/cl -c   conftest.cpp >&5
conftest.cpp
Microsoft(R) C/C++ Optimizing Compiler Version 18.00.21005.1 for x64
Copyright (C) Microsoft Corporation.  All rights reserved.

configure:40814: $? = 0
configure:40814: result: yes
configure:40814: checking for stdint.h
configure:40814: /cygdrive/c/progra~2/micros~1.0/vc/bin/x86_am~1/cl -c   conftest.cpp >&5
conftest.cpp
Microsoft(R) C/C++ Optimizing Compiler Version 18.00.21005.1 for x64
Copyright (C) Microsoft Corporation.  All rights reserved.

configure:40814: $? = 0
configure:40814: result: yes
configure:40814: checking for unistd.h
configure:40814: /cygdrive/c/progra~2/micros~1.0/vc/bin/x86_am~1/cl -c   conftest.cpp >&5
conftest.cpp
conftest.cpp(51) : fatal error C1083: include ファイルを開けません。'unistd.h':No such file or directory
Microsoft(R) C/C++ Optimizing Compiler Version 18.00.21005.1 for x64
Copyright (C) Microsoft Corporation.  All rights reserved.

configure:40814: $? = 2
configure: failed program was:
| /* confdefs.h */
| #define PACKAGE_NAME "OpenJDK"
| #define PACKAGE_TARNAME "openjdk"
| #define PACKAGE_VERSION "jdk8"
| #define PACKAGE_STRING "OpenJDK jdk8"
| #define PACKAGE_BUGREPORT "build-dev@openjdk.java.net"
| #define PACKAGE_URL "http://openjdk.java.net"
| #define STDC_HEADERS 1
| #define HAVE_SYS_TYPES_H 1
| #define HAVE_SYS_STAT_H 1
| #define HAVE_STDLIB_H 1
| #define HAVE_STRING_H 1
| #define HAVE_MEMORY_H 1
| #define HAVE_INTTYPES_H 1
| #define HAVE_STDINT_H 1
| /* end confdefs.h.  */
| #include <stdio.h>
| #ifdef HAVE_SYS_TYPES_H
| # include <sys/types.h>
| #endif
| #ifdef HAVE_SYS_STAT_H
| # include <sys/stat.h>
| #endif
| #ifdef STDC_HEADERS
| # include <stdlib.h>
| # include <stddef.h>
| #else
| # ifdef HAVE_STDLIB_H
| #  include <stdlib.h>
| # endif
| #endif
| #ifdef HAVE_STRING_H
| # if !defined STDC_HEADERS && defined HAVE_MEMORY_H
| #  include <memory.h>
| # endif
| # include <string.h>
| #endif
| #ifdef HAVE_STRINGS_H
| # include <strings.h>
| #endif
| #ifdef HAVE_INTTYPES_H
| # include <inttypes.h>
| #endif
| #ifdef HAVE_STDINT_H
| # include <stdint.h>
| #endif
| #ifdef HAVE_UNISTD_H
| # include <unistd.h>
| #endif
| 
| #include <unistd.h>
configure:40814: result: no
configure:40880: checking stdio.h usability
configure:40880: /cygdrive/c/progra~2/micros~1.0/vc/bin/x86_am~1/cl -c   conftest.cpp >&5
conftest.cpp
Microsoft(R) C/C++ Optimizing Compiler Version 18.00.21005.1 for x64
Copyright (C) Microsoft Corporation.  All rights reserved.

configure:40880: $? = 0
configure:40880: result: yes
configure:40880: checking stdio.h presence
configure:40880: /cygdrive/c/progra~2/micros~1.0/vc/bin/x86_am~1/cl -E  conftest.cpp
Microsoft(R) C/C++ Optimizing Compiler Version 18.00.21005.1 for x64
Copyright (C) Microsoft Corporation.  All rights reserved.

conftest.cpp
configure:40880: $? = 0
configure:40880: result: yes
configure:40880: checking for stdio.h
configure:40880: result: yes
configure:40908: checking size of int *
configure:40913: /cygdrive/c/progra~2/micros~1.0/vc/bin/x86_am~1/cl -o conftest.exe    conftest.cpp  >&5
Microsoft(R) C/C++ Optimizing Compiler Version 18.00.21005.1 for x64
Copyright (C) Microsoft Corporation.  All rights reserved.

cl : コマンド ライン warning D9035 : オプション 'o' の使用は現在推奨されていません。今後のバージョンからは削除されます。
conftest.cpp
Microsoft (R) Incremental Linker Version 12.00.21005.1
Copyright (C) Microsoft Corporation.  All rights reserved.

/out:conftest.exe 
/out:conftest.exe 
conftest.obj 
configure:40913: $? = 0
configure:40913: ./conftest.exe
configure:40913: $? = 0
configure:40927: result: 8
configure:41020: checking for target address size
configure:41022: result: 64 bits
configure:41030: checking whether byte ordering is bigendian
configure:41045: /cygdrive/c/progra~2/micros~1.0/vc/bin/x86_am~1/cl -c   conftest.cpp >&5
conftest.cpp
conftest.cpp(20) : error C2146: 構文エラー : ';' が、識別子 'a' の前に必要です。
conftest.cpp(20) : error C4430: 型指定子がありません - int と仮定しました。メモ: C++ は int を既定値としてサポートしていません
conftest.cpp(20) : error C2146: 構文エラー : ';' が、識別子 'universal' の前に必要です。
conftest.cpp(20) : error C2146: 構文エラー : ';' が、識別子 'capable' の前に必要です。
conftest.cpp(22) : error C2146: 構文エラー : ';' が、識別子 'compiler' の前に必要です。
conftest.cpp(22) : error C4430: 型指定子がありません - int と仮定しました。メモ: C++ は int を既定値としてサポートしていません
conftest.cpp(22) : error C2144: 構文エラー : 'int' は ';' によって先行されなければなりません。
Microsoft(R) C/C++ Optimizing Compiler Version 18.00.21005.1 for x64
Copyright (C) Microsoft Corporation.  All rights reserved.

configure:41045: $? = 2
configure: failed program was:
| /* confdefs.h */
| #define PACKAGE_NAME "OpenJDK"
| #define PACKAGE_TARNAME "openjdk"
| #define PACKAGE_VERSION "jdk8"
| #define PACKAGE_STRING "OpenJDK jdk8"
| #define PACKAGE_BUGREPORT "build-dev@openjdk.java.net"
| #define PACKAGE_URL "http://openjdk.java.net"
| #define STDC_HEADERS 1
| #define HAVE_SYS_TYPES_H 1
| #define HAVE_SYS_STAT_H 1
| #define HAVE_STDLIB_H 1
| #define HAVE_STRING_H 1
| #define HAVE_MEMORY_H 1
| #define HAVE_INTTYPES_H 1
| #define HAVE_STDINT_H 1
| #define HAVE_STDIO_H 1
| #define SIZEOF_INT_P 8
| /* end confdefs.h.  */
| #ifndef __APPLE_CC__
| 	       not a universal capable compiler
| 	     #endif
| 	     typedef int dummy;
| 
configure:41090: /cygdrive/c/progra~2/micros~1.0/vc/bin/x86_am~1/cl -c   conftest.cpp >&5
conftest.cpp
conftest.cpp(20) : fatal error C1083: include ファイルを開けません。'sys/param.h':No such file or directory
Microsoft(R) C/C++ Optimizing Compiler Version 18.00.21005.1 for x64
Copyright (C) Microsoft Corporation.  All rights reserved.

configure:41090: $? = 2
configure: failed program was:
| /* confdefs.h */
| #define PACKAGE_NAME "OpenJDK"
| #define PACKAGE_TARNAME "openjdk"
| #define PACKAGE_VERSION "jdk8"
| #define PACKAGE_STRING "OpenJDK jdk8"
| #define PACKAGE_BUGREPORT "build-dev@openjdk.java.net"
| #define PACKAGE_URL "http://openjdk.java.net"
| #define STDC_HEADERS 1
| #define HAVE_SYS_TYPES_H 1
| #define HAVE_SYS_STAT_H 1
| #define HAVE_STDLIB_H 1
| #define HAVE_STRING_H 1
| #define HAVE_MEMORY_H 1
| #define HAVE_INTTYPES_H 1
| #define HAVE_STDINT_H 1
| #define HAVE_STDIO_H 1
| #define SIZEOF_INT_P 8
| /* end confdefs.h.  */
| #include <sys/types.h>
| 	     #include <sys/param.h>
| 
| int
| main ()
| {
| #if ! (defined BYTE_ORDER && defined BIG_ENDIAN 		     && defined LITTLE_ENDIAN && BYTE_ORDER && BIG_ENDIAN 		     && LITTLE_ENDIAN)
| 	      bogus endian macros
| 	     #endif
| 
|   ;
|   return 0;
| }
configure:41134: /cygdrive/c/progra~2/micros~1.0/vc/bin/x86_am~1/cl -c   conftest.cpp >&5
conftest.cpp
conftest.cpp(25) : error C2065: 'bogus' : 定義されていない識別子です。
conftest.cpp(25) : error C2146: 構文エラー : ';' が、識別子 'endian' の前に必要です。
conftest.cpp(28) : error C2065: 'endian' : 定義されていない識別子です。
conftest.cpp(28) : error C2146: 構文エラー : ';' が、識別子 'macros' の前に必要です。
conftest.cpp(28) : error C2065: 'macros' : 定義されていない識別子です。
Microsoft(R) C/C++ Optimizing Compiler Version 18.00.21005.1 for x64
Copyright (C) Microsoft Corporation.  All rights reserved.

configure:41134: $? = 2
configure: failed program was:
| /* confdefs.h */
| #define PACKAGE_NAME "OpenJDK"
| #define PACKAGE_TARNAME "openjdk"
| #define PACKAGE_VERSION "jdk8"
| #define PACKAGE_STRING "OpenJDK jdk8"
| #define PACKAGE_BUGREPORT "build-dev@openjdk.java.net"
| #define PACKAGE_URL "http://openjdk.java.net"
| #define STDC_HEADERS 1
| #define HAVE_SYS_TYPES_H 1
| #define HAVE_SYS_STAT_H 1
| #define HAVE_STDLIB_H 1
| #define HAVE_STRING_H 1
| #define HAVE_MEMORY_H 1
| #define HAVE_INTTYPES_H 1
| #define HAVE_STDINT_H 1
| #define HAVE_STDIO_H 1
| #define SIZEOF_INT_P 8
| /* end confdefs.h.  */
| #include <limits.h>
| 
| int
| main ()
| {
| #if ! (defined _LITTLE_ENDIAN || defined _BIG_ENDIAN)
| 	      bogus endian macros
| 	     #endif
| 
|   ;
|   return 0;
| }
configure:41225: /cygdrive/c/progra~2/micros~1.0/vc/bin/x86_am~1/cl -o conftest.exe    conftest.cpp  >&5
Microsoft(R) C/C++ Optimizing Compiler Version 18.00.21005.1 for x64
Copyright (C) Microsoft Corporation.  All rights reserved.

cl : コマンド ライン warning D9035 : オプション 'o' の使用は現在推奨されていません。今後のバージョンからは削除されます。
conftest.cpp
Microsoft (R) Incremental Linker Version 12.00.21005.1
Copyright (C) Microsoft Corporation.  All rights reserved.

/out:conftest.exe 
/out:conftest.exe 
conftest.obj 
configure:41225: $? = 0
configure:41225: ./conftest.exe
configure:41225: $? = 0
configure:41236: result: no
configure:42208: checking if the C compiler supports "-m64"
configure:42224: /cygdrive/c/progra~2/micros~1.0/vc/bin/x86_am~1/cl -c  -m64  conftest.c >&5
conftest.c
Microsoft(R) C/C++ Optimizing Compiler Version 18.00.21005.1 for x64
Copyright (C) Microsoft Corporation.  All rights reserved.

cl : コマンド ライン warning D9002 : 不明なオプション '-m64' を無視します
configure:42224: $? = 0
configure:42238: result: yes
configure:42247: checking if the C++ compiler supports "-m64"
configure:42263: /cygdrive/c/progra~2/micros~1.0/vc/bin/x86_am~1/cl -c  -m64  conftest.cpp >&5
conftest.cpp
Microsoft(R) C/C++ Optimizing Compiler Version 18.00.21005.1 for x64
Copyright (C) Microsoft Corporation.  All rights reserved.

cl : コマンド ライン warning D9002 : 不明なオプション '-m64' を無視します
configure:42263: $? = 0
configure:42277: result: yes
configure:42286: checking if both compilers support "-m64"
configure:42291: result: yes
configure:42305: checking if the C compiler supports "-m64"
configure:42321: /cygdrive/c/progra~2/micros~1.0/vc/bin/x86_am~1/cl -c  -m64  conftest.c >&5
conftest.c
Microsoft(R) C/C++ Optimizing Compiler Version 18.00.21005.1 for x64
Copyright (C) Microsoft Corporation.  All rights reserved.

cl : コマンド ライン warning D9002 : 不明なオプション '-m64' を無視します
configure:42321: $? = 0
configure:42335: result: yes
configure:42344: checking if the C++ compiler supports "-m64"
configure:42360: /cygdrive/c/progra~2/micros~1.0/vc/bin/x86_am~1/cl -c  -m64  conftest.cpp >&5
conftest.cpp
Microsoft(R) C/C++ Optimizing Compiler Version 18.00.21005.1 for x64
Copyright (C) Microsoft Corporation.  All rights reserved.

cl : コマンド ライン warning D9002 : 不明なオプション '-m64' を無視します
configure:42360: $? = 0
configure:42374: result: yes
configure:42383: checking if both compilers support "-m64"
configure:42388: result: yes
configure:42414: checking if we should generate debug symbols
configure:42439: result: false
configure:42448: checking if we should zip debug-info files
configure:42457: result: no
configure:42472: checking what type of native debug symbols to use (this will override previous settings)
configure:42493: result: not specified
configure:42543: --with-native-debug-symbols not specified. Using values from --disable-debug-symbols and --disable-zip-debug-info
configure:42568: checking if fixpath can be created
configure:42599: result: yes
configure:42601: checking if fixpath.exe works
configure:42612: result: yes
configure:42654: checking what is not needed on Windows?
configure:42661: result: alsa cups pulse x11
configure:42737: checking for X
configure:42845: /cygdrive/c/progra~2/micros~1.0/vc/bin/x86_am~1/cl -E  conftest.cpp
Microsoft(R) C/C++ Optimizing Compiler Version 18.00.21005.1 for x64
Copyright (C) Microsoft Corporation.  All rights reserved.

conftest.cpp
conftest.cpp(19) : fatal error C1083: include ファイルを開けません。'X11/Xlib.h':No such file or directory
configure:42845: $? = 2
configure: failed program was:
| /* confdefs.h */
| #define PACKAGE_NAME "OpenJDK"
| #define PACKAGE_TARNAME "openjdk"
| #define PACKAGE_VERSION "jdk8"
| #define PACKAGE_STRING "OpenJDK jdk8"
| #define PACKAGE_BUGREPORT "build-dev@openjdk.java.net"
| #define PACKAGE_URL "http://openjdk.java.net"
| #define STDC_HEADERS 1
| #define HAVE_SYS_TYPES_H 1
| #define HAVE_SYS_STAT_H 1
| #define HAVE_STDLIB_H 1
| #define HAVE_STRING_H 1
| #define HAVE_MEMORY_H 1
| #define HAVE_INTTYPES_H 1
| #define HAVE_STDINT_H 1
| #define HAVE_STDIO_H 1
| #define SIZEOF_INT_P 8
| /* end confdefs.h.  */
| #include <X11/Xlib.h>
configure:42876: /cygdrive/c/progra~2/micros~1.0/vc/bin/x86_am~1/cl -o conftest.exe    conftest.cpp -lX11  >&5
conftest.cpp
conftest.cpp(19) : fatal error C1083: include ファイルを開けません。'X11/Xlib.h':No such file or directory
Microsoft(R) C/C++ Optimizing Compiler Version 18.00.21005.1 for x64
Copyright (C) Microsoft Corporation.  All rights reserved.

cl : コマンド ライン warning D9035 : オプション 'o' の使用は現在推奨されていません。今後のバージョンからは削除されます。
cl : コマンド ライン warning D9002 : 不明なオプション '-lX11' を無視します
configure:42876: $? = 2
configure: failed program was:
| /* confdefs.h */
| #define PACKAGE_NAME "OpenJDK"
| #define PACKAGE_TARNAME "openjdk"
| #define PACKAGE_VERSION "jdk8"
| #define PACKAGE_STRING "OpenJDK jdk8"
| #define PACKAGE_BUGREPORT "build-dev@openjdk.java.net"
| #define PACKAGE_URL "http://openjdk.java.net"
| #define STDC_HEADERS 1
| #define HAVE_SYS_TYPES_H 1
| #define HAVE_SYS_STAT_H 1
| #define HAVE_STDLIB_H 1
| #define HAVE_STRING_H 1
| #define HAVE_MEMORY_H 1
| #define HAVE_INTTYPES_H 1
| #define HAVE_STDINT_H 1
| #define HAVE_STDIO_H 1
| #define SIZEOF_INT_P 8
| /* end confdefs.h.  */
| #include <X11/Xlib.h>
| int
| main ()
| {
| XrmInitialize ()
|   ;
|   return 0;
| }
configure:42915: result: no
configure:43495: checking for X11/extensions/shape.h
configure:43495: /cygdrive/c/progra~2/micros~1.0/vc/bin/x86_am~1/cl -c    conftest.c >&5
conftest.c
conftest.c(21) : fatal error C1083: include ファイルを開けません。'X11/Xlib.h':No such file or directory
Microsoft(R) C/C++ Optimizing Compiler Version 18.00.21005.1 for x64
Copyright (C) Microsoft Corporation.  All rights reserved.

configure:43495: $? = 2
configure: failed program was:
| /* confdefs.h */
| #define PACKAGE_NAME "OpenJDK"
| #define PACKAGE_TARNAME "openjdk"
| #define PACKAGE_VERSION "jdk8"
| #define PACKAGE_STRING "OpenJDK jdk8"
| #define PACKAGE_BUGREPORT "build-dev@openjdk.java.net"
| #define PACKAGE_URL "http://openjdk.java.net"
| #define STDC_HEADERS 1
| #define HAVE_SYS_TYPES_H 1
| #define HAVE_SYS_STAT_H 1
| #define HAVE_STDLIB_H 1
| #define HAVE_STRING_H 1
| #define HAVE_MEMORY_H 1
| #define HAVE_INTTYPES_H 1
| #define HAVE_STDINT_H 1
| #define HAVE_STDIO_H 1
| #define SIZEOF_INT_P 8
| #define X_DISPLAY_MISSING 1
| /* end confdefs.h.  */
| 
|         # include <X11/Xlib.h>
|         # include <X11/Xutil.h>
| 
| 
| 
| #include <X11/extensions/shape.h>
configure:43495: result: no
configure:44326: Found freetype include files at /cygdrive/c/AdoptOpenJDK/prerequisite/freetype/include using --with-freetype
configure:44597: checking for freetype includes
configure:44599: result: /cygdrive/c/AdoptOpenJDK/prerequisite/freetype/include
configure:44602: checking for freetype libraries
configure:44604: result: /cygdrive/c/AdoptOpenJDK/prerequisite/freetype/lib
configure:47558: checking if we can compile and link with freetype
configure:47583: /cygdrive/c/cygwin64/home/fujimoto/openjdk-jdk8u/build/windows-x86_64-normal-server-release/fixpath.exe -c /cygdrive/c/progra~2/micros~1.0/vc/bin/x86_am~1/cl -o conftest.exe  -I/cygdrive/c/AdoptOpenJDK/prerequisite/freetype/include   conftest.cpp  /cygdrive/c/AdoptOpenJDK/prerequisite/freetype/lib/freetype.lib >&5
conftest.cpp
Microsoft (R) Incremental Linker Version 12.00.21005.1
Copyright (C) Microsoft Corporation.  All rights reserved.

/out:conftest.exe 
/out:conftest.exe 
conftest.obj 
c:/AdoptOpenJDK/prerequisite/freetype/lib/freetype.lib 
Microsoft(R) C/C++ Optimizing Compiler Version 18.00.21005.1 for x64
Copyright (C) Microsoft Corporation.  All rights reserved.

cl : コマンド ライン warning D9035 : オプション 'o' の使用は現在推奨されていません。今後のバージョンからは削除されます。
configure:47583: $? = 0
configure:47585: result: yes
configure:47644: checking if we should bundle freetype
configure:47649: result: yes
configure:48104: checking for main in -ljpeg
configure:48123: /cygdrive/c/progra~2/micros~1.0/vc/bin/x86_am~1/cl -o conftest.exe  -I/cygdrive/c/AdoptOpenJDK/prerequisite/freetype/include   conftest.cpp -ljpeg   >&5
conftest.cpp
c:\cygwin64\home\fujimoto\openjdk-jdk8u\conftest.cpp(28) : warning C4717: 'main' : すべてのコントロールのパス、関数を回帰するとランタイム スタック オーバーフローが発生します。
Microsoft (R) Incremental Linker Version 12.00.21005.1
Copyright (C) Microsoft Corporation.  All rights reserved.

/out:conftest.exe 
/out:conftest.exe 
conftest.obj 
Microsoft(R) C/C++ Optimizing Compiler Version 18.00.21005.1 for x64
Copyright (C) Microsoft Corporation.  All rights reserved.

cl : コマンド ライン warning D9035 : オプション 'o' の使用は現在推奨されていません。今後のバージョンからは削除されます。
cl : コマンド ライン warning D9002 : 不明なオプション '-ljpeg' を無視します
configure:48123: $? = 0
configure:48132: result: yes
configure:48163: checking for which giflib to use
configure:48176: result: bundled
configure:48256: checking for compress in -lz
configure:48281: /cygdrive/c/progra~2/micros~1.0/vc/bin/x86_am~1/cl -o conftest.exe  -I/cygdrive/c/AdoptOpenJDK/prerequisite/freetype/include   conftest.cpp -lz  -ljpeg  >&5
conftest.cpp
Microsoft (R) Incremental Linker Version 12.00.21005.1
Copyright (C) Microsoft Corporation.  All rights reserved.

/out:conftest.exe 
/out:conftest.exe 
conftest.obj 
conftest.obj : error LNK2019: 未解決の外部シンボル compress が関数 main で参照されました。
conftest.exe : fatal error LNK1120: 1 件の未解決の外部参照
Microsoft(R) C/C++ Optimizing Compiler Version 18.00.21005.1 for x64
Copyright (C) Microsoft Corporation.  All rights reserved.

cl : コマンド ライン warning D9035 : オプション 'o' の使用は現在推奨されていません。今後のバージョンからは削除されます。
cl : コマンド ライン warning D9002 : 不明なオプション '-lz' を無視します
cl : コマンド ライン warning D9002 : 不明なオプション '-ljpeg' を無視します
configure:48281: $? = 2
configure: failed program was:
| /* confdefs.h */
| #define PACKAGE_NAME "OpenJDK"
| #define PACKAGE_TARNAME "openjdk"
| #define PACKAGE_VERSION "jdk8"
| #define PACKAGE_STRING "OpenJDK jdk8"
| #define PACKAGE_BUGREPORT "build-dev@openjdk.java.net"
| #define PACKAGE_URL "http://openjdk.java.net"
| #define STDC_HEADERS 1
| #define HAVE_SYS_TYPES_H 1
| #define HAVE_SYS_STAT_H 1
| #define HAVE_STDLIB_H 1
| #define HAVE_STRING_H 1
| #define HAVE_MEMORY_H 1
| #define HAVE_INTTYPES_H 1
| #define HAVE_STDINT_H 1
| #define HAVE_STDIO_H 1
| #define SIZEOF_INT_P 8
| #define X_DISPLAY_MISSING 1
| #define HAVE_LIBJPEG 1
| /* end confdefs.h.  */
| 
| /* Override any GCC internal prototype to avoid an error.
|    Use char because int might match the return type of a GCC
|    builtin and then its argument prototype would still apply.  */
| #ifdef __cplusplus
| extern "C"
| #endif
| char compress ();
| int
| main ()
| {
| return compress ();
|   ;
|   return 0;
| }
configure:48290: result: no
configure:48299: checking for which zlib to use
configure:48326: result: bundled
configure:48365: /cygdrive/c/progra~2/micros~1.0/vc/bin/x86_am~1/cl -o conftest.exe  -I/cygdrive/c/AdoptOpenJDK/prerequisite/freetype/include   conftest.cpp -ljpeg  >&5
conftest.cpp
conftest.cpp(25) : error C2065: 'altzone' : 定義されていない識別子です。
Microsoft(R) C/C++ Optimizing Compiler Version 18.00.21005.1 for x64
Copyright (C) Microsoft Corporation.  All rights reserved.

cl : コマンド ライン warning D9035 : オプション 'o' の使用は現在推奨されていません。今後のバージョンからは削除されます。
cl : コマンド ライン warning D9002 : 不明なオプション '-ljpeg' を無視します
configure:48365: $? = 2
configure: failed program was:
| /* confdefs.h */
| #define PACKAGE_NAME "OpenJDK"
| #define PACKAGE_TARNAME "openjdk"
| #define PACKAGE_VERSION "jdk8"
| #define PACKAGE_STRING "OpenJDK jdk8"
| #define PACKAGE_BUGREPORT "build-dev@openjdk.java.net"
| #define PACKAGE_URL "http://openjdk.java.net"
| #define STDC_HEADERS 1
| #define HAVE_SYS_TYPES_H 1
| #define HAVE_SYS_STAT_H 1
| #define HAVE_STDLIB_H 1
| #define HAVE_STRING_H 1
| #define HAVE_MEMORY_H 1
| #define HAVE_INTTYPES_H 1
| #define HAVE_STDINT_H 1
| #define HAVE_STDIO_H 1
| #define SIZEOF_INT_P 8
| #define X_DISPLAY_MISSING 1
| #define HAVE_LIBJPEG 1
| /* end confdefs.h.  */
| #include <time.h>
| int
| main ()
| {
| return (int)altzone;
|   ;
|   return 0;
| }
configure:48383: checking for cos in -lm
configure:48408: /cygdrive/c/progra~2/micros~1.0/vc/bin/x86_am~1/cl -o conftest.exe  -I/cygdrive/c/AdoptOpenJDK/prerequisite/freetype/include   conftest.cpp -lm  -ljpeg  >&5
conftest.cpp
Microsoft (R) Incremental Linker Version 12.00.21005.1
Copyright (C) Microsoft Corporation.  All rights reserved.

/out:conftest.exe 
/out:conftest.exe 
conftest.obj 
Microsoft(R) C/C++ Optimizing Compiler Version 18.00.21005.1 for x64
Copyright (C) Microsoft Corporation.  All rights reserved.

cl : コマンド ライン warning D9035 : オプション 'o' の使用は現在推奨されていません。今後のバージョンからは削除されます。
cl : コマンド ライン warning D9002 : 不明なオプション '-lm' を無視します
cl : コマンド ライン warning D9002 : 不明なオプション '-ljpeg' を無視します
configure:48408: $? = 0
configure:48417: result: yes
configure:48442: checking for dlopen in -ldl
configure:48467: /cygdrive/c/progra~2/micros~1.0/vc/bin/x86_am~1/cl -o conftest.exe  -I/cygdrive/c/AdoptOpenJDK/prerequisite/freetype/include   conftest.cpp -ldl   >&5
conftest.cpp
Microsoft (R) Incremental Linker Version 12.00.21005.1
Copyright (C) Microsoft Corporation.  All rights reserved.

/out:conftest.exe 
/out:conftest.exe 
conftest.obj 
conftest.obj : error LNK2019: 未解決の外部シンボル dlopen が関数 main で参照されました。
conftest.exe : fatal error LNK1120: 1 件の未解決の外部参照
Microsoft(R) C/C++ Optimizing Compiler Version 18.00.21005.1 for x64
Copyright (C) Microsoft Corporation.  All rights reserved.

cl : コマンド ライン warning D9035 : オプション 'o' の使用は現在推奨されていません。今後のバージョンからは削除されます。
cl : コマンド ライン warning D9002 : 不明なオプション '-ldl' を無視します
configure:48467: $? = 2
configure: failed program was:
| /* confdefs.h */
| #define PACKAGE_NAME "OpenJDK"
| #define PACKAGE_TARNAME "openjdk"
| #define PACKAGE_VERSION "jdk8"
| #define PACKAGE_STRING "OpenJDK jdk8"
| #define PACKAGE_BUGREPORT "build-dev@openjdk.java.net"
| #define PACKAGE_URL "http://openjdk.java.net"
| #define STDC_HEADERS 1
| #define HAVE_SYS_TYPES_H 1
| #define HAVE_SYS_STAT_H 1
| #define HAVE_STDLIB_H 1
| #define HAVE_STRING_H 1
| #define HAVE_MEMORY_H 1
| #define HAVE_INTTYPES_H 1
| #define HAVE_STDINT_H 1
| #define HAVE_STDIO_H 1
| #define SIZEOF_INT_P 8
| #define X_DISPLAY_MISSING 1
| #define HAVE_LIBJPEG 1
| #define HAVE_LIBM 1
| /* end confdefs.h.  */
| 
| /* Override any GCC internal prototype to avoid an error.
|    Use char because int might match the return type of a GCC
|    builtin and then its argument prototype would still apply.  */
| #ifdef __cplusplus
| extern "C"
| #endif
| char dlopen ();
| int
| main ()
| {
| return dlopen ();
|   ;
|   return 0;
| }
configure:48476: result: no
configure:49230: Rewriting CYGWIN_VC_INSTALL_DIR to "/cygdrive/c/progra~2/micros~1.0/vc"
configure:49317: Found msvcr120.dll at /cygdrive/c/progra~2/micros~1.0/vc/redist/x64/Microsoft.VC120.CRT/msvcr120.dll using well-known location in VCINSTALLDIR
configure:49321: checking found msvcr120.dll architecture
configure:49340: result: ok
configure:49401: Rewriting MSVC_DLL to "/cygdrive/c/progra~2/micros~1.0/vc/redist/x64/micros~1.crt/msvcr120.dll"
configure:49465: checking for msvcr120.dll
configure:49467: result: /cygdrive/c/progra~2/micros~1.0/vc/redist/x64/micros~1.crt/msvcr120.dll
configure:50633: Rewriting CYGWIN_VC_INSTALL_DIR to "/cygdrive/c/progra~2/micros~1.0/vc"
configure:50720: Found msvcp120.dll at /cygdrive/c/progra~2/micros~1.0/vc/redist/x64/Microsoft.VC120.CRT/msvcp120.dll using well-known location in VCINSTALLDIR
configure:50724: checking found msvcp120.dll architecture
configure:50743: result: ok
configure:50804: Rewriting MSVC_DLL to "/cygdrive/c/progra~2/micros~1.0/vc/redist/x64/micros~1.crt/msvcp120.dll"
configure:50868: checking for msvcp120.dll
configure:50870: result: /cygdrive/c/progra~2/micros~1.0/vc/redist/x64/micros~1.crt/msvcp120.dll
configure:51959: checking if elliptic curve crypto implementation is present
configure:51964: result: yes
configure:51993: checking for number of cores
configure:52023: result: 4
configure:52048: checking for memory size
configure:52076: result: 8088 MB
configure:52101: checking for appropriate number of jobs to run in parallel
configure:52122: result: 4
Check if jvm arg is ok: -verbosegc
Command: /cygdrive/c/AdoptOpenJDK/prerequisite/jdk7/bin/java -verbosegc -version
Check if jvm arg is ok: -Xverbose:gc
Command: /cygdrive/c/AdoptOpenJDK/prerequisite/jdk7/bin/java -Xverbose:gc -version
Arg failed:
Error: Could not create the Java Virtual Machine.
Error: A fatal exception has occurred. Program will exit.
Unrecognized option: -Xverbose:gc
Check if jvm arg is ok: -d64
Command: /cygdrive/c/AdoptOpenJDK/prerequisite/jdk7/bin/java  -verbosegc -d64 -version
Check if jvm arg is ok: -Xms1G -Xmx3G
Command: /cygdrive/c/AdoptOpenJDK/prerequisite/jdk7/bin/java  -verbosegc -d64 -Xms1G -Xmx3G -version
configure:52327: checking whether to use sjavac
configure:52336: result: no
configure:52399: checking is ccache enabled
configure:52608: result: no
configure:52724: checking if build directory is on local disk
configure:52750: result: yes
configure:52889: creating /cygdrive/c/cygwin64/home/fujimoto/openjdk-jdk8u/build/windows-x86_64-normal-server-release/config.status

## ---------------------- ##
## Running config.status. ##
## ---------------------- ##

This file was extended by OpenJDK config.status jdk8, which was
generated by GNU Autoconf 2.69.  Invocation command line was

  CONFIG_FILES    = 
  CONFIG_HEADERS  = 
  CONFIG_LINKS    = 
  CONFIG_COMMANDS = 
  $ /cygdrive/c/cygwin64/home/fujimoto/openjdk-jdk8u/build/windows-x86_64-normal-server-release/config.status 

on AdoptOpenJDK

config.status:1195: creating /cygdrive/c/cygwin64/home/fujimoto/openjdk-jdk8u/build/windows-x86_64-normal-server-release/spec.gmk
config.status:1195: creating /cygdrive/c/cygwin64/home/fujimoto/openjdk-jdk8u/build/windows-x86_64-normal-server-release/hotspot-spec.gmk
config.status:1195: creating /cygdrive/c/cygwin64/home/fujimoto/openjdk-jdk8u/build/windows-x86_64-normal-server-release/bootcycle-spec.gmk
config.status:1195: creating /cygdrive/c/cygwin64/home/fujimoto/openjdk-jdk8u/build/windows-x86_64-normal-server-release/compare.sh
config.status:1195: creating /cygdrive/c/cygwin64/home/fujimoto/openjdk-jdk8u/build/windows-x86_64-normal-server-release/spec.sh
config.status:1195: creating /cygdrive/c/cygwin64/home/fujimoto/openjdk-jdk8u/build/windows-x86_64-normal-server-release/Makefile
config.status:1195: creating /cygdrive/c/cygwin64/home/fujimoto/openjdk-jdk8u/build/windows-x86_64-normal-server-release/config.h
config.status:1365: /cygdrive/c/cygwin64/home/fujimoto/openjdk-jdk8u/build/windows-x86_64-normal-server-release/config.h is unchanged

## ---------------- ##
## Cache variables. ##
## ---------------- ##

ac_cv_build=x86_64-unknown-cygwin
ac_cv_c_bigendian=no
ac_cv_c_compiler_gnu=no
ac_cv_cxx_compiler_gnu=no
ac_cv_env_ALSA_CFLAGS_set=
ac_cv_env_ALSA_CFLAGS_value=
ac_cv_env_ALSA_LIBS_set=
ac_cv_env_ALSA_LIBS_value=
ac_cv_env_AR_set=
ac_cv_env_AR_value=
ac_cv_env_AS_set=
ac_cv_env_AS_value=
ac_cv_env_AWK_set=
ac_cv_env_AWK_value=
ac_cv_env_BASENAME_set=
ac_cv_env_BASENAME_value=
ac_cv_env_BASH_set=set
ac_cv_env_BASH_value=/usr/bin/bash
ac_cv_env_BUILD_CC_set=
ac_cv_env_BUILD_CC_value=
ac_cv_env_BUILD_CXX_set=
ac_cv_env_BUILD_CXX_value=
ac_cv_env_BUILD_LD_set=
ac_cv_env_BUILD_LD_value=
ac_cv_env_CAT_set=
ac_cv_env_CAT_value=
ac_cv_env_CCACHE_set=
ac_cv_env_CCACHE_value=
ac_cv_env_CCC_set=
ac_cv_env_CCC_value=
ac_cv_env_CC_set=
ac_cv_env_CC_value=
ac_cv_env_CFLAGS_set=
ac_cv_env_CFLAGS_value=
ac_cv_env_CHMOD_set=
ac_cv_env_CHMOD_value=
ac_cv_env_CMP_set=
ac_cv_env_CMP_value=
ac_cv_env_CODESIGN_set=
ac_cv_env_CODESIGN_value=
ac_cv_env_COMM_set=
ac_cv_env_COMM_value=
ac_cv_env_CPIO_set=
ac_cv_env_CPIO_value=
ac_cv_env_CPPFLAGS_set=
ac_cv_env_CPPFLAGS_value=
ac_cv_env_CPP_set=
ac_cv_env_CPP_value=
ac_cv_env_CP_set=
ac_cv_env_CP_value=
ac_cv_env_CUT_set=
ac_cv_env_CUT_value=
ac_cv_env_CXXCPP_set=
ac_cv_env_CXXCPP_value=
ac_cv_env_CXXFLAGS_set=
ac_cv_env_CXXFLAGS_value=
ac_cv_env_CXX_set=
ac_cv_env_CXX_value=
ac_cv_env_CYGPATH_set=
ac_cv_env_CYGPATH_value=
ac_cv_env_DATE_set=
ac_cv_env_DATE_value=
ac_cv_env_DF_set=
ac_cv_env_DF_value=
ac_cv_env_DIFF_set=
ac_cv_env_DIFF_value=
ac_cv_env_DIRNAME_set=
ac_cv_env_DIRNAME_value=
ac_cv_env_DSYMUTIL_set=
ac_cv_env_DSYMUTIL_value=
ac_cv_env_ECHO_set=
ac_cv_env_ECHO_value=
ac_cv_env_EGREP_set=
ac_cv_env_EGREP_value=
ac_cv_env_EXPR_set=
ac_cv_env_EXPR_value=
ac_cv_env_FGREP_set=
ac_cv_env_FGREP_value=
ac_cv_env_FILE_set=
ac_cv_env_FILE_value=
ac_cv_env_FIND_set=
ac_cv_env_FIND_value=
ac_cv_env_FREETYPE_CFLAGS_set=
ac_cv_env_FREETYPE_CFLAGS_value=
ac_cv_env_FREETYPE_LIBS_set=
ac_cv_env_FREETYPE_LIBS_value=
ac_cv_env_GNM_set=
ac_cv_env_GNM_value=
ac_cv_env_GREP_set=
ac_cv_env_GREP_value=
ac_cv_env_HEAD_set=
ac_cv_env_HEAD_value=
ac_cv_env_HG_set=
ac_cv_env_HG_value=
ac_cv_env_JTREGEXE_set=
ac_cv_env_JTREGEXE_value=
ac_cv_env_LDD_set=
ac_cv_env_LDD_value=
ac_cv_env_LDFLAGS_set=
ac_cv_env_LDFLAGS_value=
ac_cv_env_LIBFFI_CFLAGS_set=
ac_cv_env_LIBFFI_CFLAGS_value=
ac_cv_env_LIBFFI_LIBS_set=
ac_cv_env_LIBFFI_LIBS_value=
ac_cv_env_LIBS_set=
ac_cv_env_LIBS_value=
ac_cv_env_LIPO_set=
ac_cv_env_LIPO_value=
ac_cv_env_LN_set=
ac_cv_env_LN_value=
ac_cv_env_LS_set=
ac_cv_env_LS_value=
ac_cv_env_MCS_set=
ac_cv_env_MCS_value=
ac_cv_env_MKDIR_set=
ac_cv_env_MKDIR_value=
ac_cv_env_MKTEMP_set=
ac_cv_env_MKTEMP_value=
ac_cv_env_MV_set=
ac_cv_env_MV_value=
ac_cv_env_NAWK_set=
ac_cv_env_NAWK_value=
ac_cv_env_NM_set=
ac_cv_env_NM_value=
ac_cv_env_OBJCFLAGS_set=
ac_cv_env_OBJCFLAGS_value=
ac_cv_env_OBJCOPY_set=
ac_cv_env_OBJCOPY_value=
ac_cv_env_OBJC_set=
ac_cv_env_OBJC_value=
ac_cv_env_OBJDUMP_set=
ac_cv_env_OBJDUMP_value=
ac_cv_env_PKG_CONFIG_set=
ac_cv_env_PKG_CONFIG_value=
ac_cv_env_PRINTF_set=
ac_cv_env_PRINTF_value=
ac_cv_env_READELF_set=
ac_cv_env_READELF_value=
ac_cv_env_READLINK_set=
ac_cv_env_READLINK_value=
ac_cv_env_RM_set=
ac_cv_env_RM_value=
ac_cv_env_SED_set=
ac_cv_env_SED_value=
ac_cv_env_SETFILE_set=
ac_cv_env_SETFILE_value=
ac_cv_env_SH_set=
ac_cv_env_SH_value=
ac_cv_env_SORT_set=
ac_cv_env_SORT_value=
ac_cv_env_STAT_set=
ac_cv_env_STAT_value=
ac_cv_env_STRIP_set=
ac_cv_env_STRIP_value=
ac_cv_env_TAIL_set=
ac_cv_env_TAIL_value=
ac_cv_env_TAR_set=
ac_cv_env_TAR_value=
ac_cv_env_TEE_set=
ac_cv_env_TEE_value=
ac_cv_env_TIME_set=
ac_cv_env_TIME_value=
ac_cv_env_TOUCH_set=
ac_cv_env_TOUCH_value=
ac_cv_env_TR_set=
ac_cv_env_TR_value=
ac_cv_env_UNAME_set=
ac_cv_env_UNAME_value=
ac_cv_env_UNIQ_set=
ac_cv_env_UNIQ_value=
ac_cv_env_UNZIP_set=
ac_cv_env_UNZIP_value=
ac_cv_env_WC_set=
ac_cv_env_WC_value=
ac_cv_env_WHICH_set=
ac_cv_env_WHICH_value=
ac_cv_env_XARGS_set=
ac_cv_env_XARGS_value=
ac_cv_env_XATTR_set=
ac_cv_env_XATTR_value=
ac_cv_env_XMKMF_set=
ac_cv_env_XMKMF_value=
ac_cv_env_ZIP_set=
ac_cv_env_ZIP_value=
ac_cv_env_build_alias_set=
ac_cv_env_build_alias_value=
ac_cv_env_host_alias_set=
ac_cv_env_host_alias_value=
ac_cv_env_target_alias_set=
ac_cv_env_target_alias_value=
ac_cv_exeext=.exe
ac_cv_have_x=have_x=no
ac_cv_header_X11_extensions_shape_h=no
ac_cv_header_inttypes_h=yes
ac_cv_header_memory_h=yes
ac_cv_header_stdc=yes
ac_cv_header_stdint_h=yes
ac_cv_header_stdio_h=yes
ac_cv_header_stdlib_h=yes
ac_cv_header_string_h=yes
ac_cv_header_strings_h=no
ac_cv_header_sys_stat_h=yes
ac_cv_header_sys_types_h=yes
ac_cv_header_unistd_h=no
ac_cv_host=x86_64-unknown-cygwin
ac_cv_lib_dl_dlopen=no
ac_cv_lib_jpeg_main=yes
ac_cv_lib_m_cos=yes
ac_cv_lib_z_compress=no
ac_cv_objext=obj
ac_cv_path_BASENAME=/usr/bin/basename
ac_cv_path_BASH=/usr/bin/bash
ac_cv_path_CAT=/usr/bin/cat
ac_cv_path_CHECK_MAKE=/usr/bin/make
ac_cv_path_CHMOD=/usr/bin/chmod
ac_cv_path_CMP=/usr/bin/cmp
ac_cv_path_COMM=/usr/bin/comm
ac_cv_path_CP=/usr/bin/cp
ac_cv_path_CPIO=/usr/bin/cpio
ac_cv_path_CUT=/usr/bin/cut
ac_cv_path_CYGPATH=/usr/bin/cygpath
ac_cv_path_CYGWIN_LINK=/usr/bin/link
ac_cv_path_DATE=/usr/bin/date
ac_cv_path_DF=/usr/bin/df
ac_cv_path_DIFF=/usr/bin/diff
ac_cv_path_DIRNAME=/usr/bin/dirname
ac_cv_path_ECHO=/usr/bin/echo
ac_cv_path_EGREP='/usr/bin/grep -E'
ac_cv_path_EXPR=/usr/bin/expr
ac_cv_path_FGREP='/usr/bin/grep -F'
ac_cv_path_FILE=/usr/bin/file
ac_cv_path_FIND=/usr/bin/find
ac_cv_path_GREP=/usr/bin/grep
ac_cv_path_HEAD=/usr/bin/head
ac_cv_path_LDD=/usr/bin/ldd
ac_cv_path_LN=/usr/bin/ln
ac_cv_path_LS=/usr/bin/ls
ac_cv_path_MKDIR=/usr/bin/mkdir
ac_cv_path_MKTEMP=/usr/bin/mktemp
ac_cv_path_MV=/usr/bin/mv
ac_cv_path_NAWK=/usr/bin/gawk
ac_cv_path_POTENTIAL_CC='/cygdrive/c/Program Files (x86)/Microsoft Visual Studio 12.0/VC/BIN/x86_amd64/cl'
ac_cv_path_POTENTIAL_CXX='/cygdrive/c/Program Files (x86)/Microsoft Visual Studio 12.0/VC/BIN/x86_amd64/cl'
ac_cv_path_PRINTF=/usr/bin/printf
ac_cv_path_READELF=/usr/bin/readelf
ac_cv_path_READLINK=/usr/bin/readlink
ac_cv_path_RM=/usr/bin/rm
ac_cv_path_SED=/usr/bin/sed
ac_cv_path_SH=/usr/bin/sh
ac_cv_path_SORT=/usr/bin/sort
ac_cv_path_STAT=/usr/bin/stat
ac_cv_path_TAIL=/usr/bin/tail
ac_cv_path_TAR=/usr/bin/tar
ac_cv_path_TEE=/usr/bin/tee
ac_cv_path_TOUCH=/usr/bin/touch
ac_cv_path_TR=/usr/bin/tr
ac_cv_path_UNAME=/usr/bin/uname
ac_cv_path_UNIQ=/usr/bin/uniq
ac_cv_path_UNZIP=/usr/bin/unzip
ac_cv_path_WC=/usr/bin/wc
ac_cv_path_WHICH=/usr/bin/which
ac_cv_path_XARGS=/usr/bin/xargs
ac_cv_path_ZIP=/usr/bin/zip
ac_cv_prog_AR=lib
ac_cv_prog_AWK=gawk
ac_cv_prog_BDEPS_FTP=ftp
ac_cv_prog_BDEPS_UNZIP=unzip
ac_cv_prog_CPP='/cygdrive/c/progra~2/micros~1.0/vc/bin/x86_am~1/cl -E'
ac_cv_prog_CXXCPP='/cygdrive/c/progra~2/micros~1.0/vc/bin/x86_am~1/cl -E'
ac_cv_prog_DUMPBIN=dumpbin
ac_cv_prog_LD=link
ac_cv_prog_MSBUILD=msbuild.exe
ac_cv_prog_MT=mt
ac_cv_prog_RC=rc
ac_cv_prog_ac_ct_OBJDUMP=objdump
ac_cv_prog_cc_c89=
ac_cv_prog_cc_g=yes
ac_cv_prog_cxx_g=yes
ac_cv_sizeof_int_p=8
ac_cv_target=x86_64-unknown-cygwin

## ----------------- ##
## Output variables. ##
## ----------------- ##

ADD_SRC_ROOT=''
ALSA_CFLAGS=''
ALSA_LIBS=''
AR='/cygdrive/c/progra~2/micros~1.0/vc/bin/x86_am~1/lib'
ARFLAGS='-nologo -NODEFAULTLIB:MSVCRT'
AR_OUT_OPTION='-out:'
AS='/cygdrive/c/progra~2/micros~1.0/vc/bin/x86_am~1/cl -c'
ASFLAGS_DEBUG_SYMBOLS=''
AWK='gawk'
BASENAME='/usr/bin/basename'
BASH='/usr/bin/bash'
BDEPS_FTP='ftp'
BDEPS_UNZIP='unzip'
BOOT_JDK='/cygdrive/c/AdoptOpenJDK/prerequisite/jdk7'
BOOT_JDK_BITS='64'
BOOT_JDK_SOURCETARGET='-source 7 -target 7'
BOOT_RTJAR='/cygdrive/c/AdoptOpenJDK/prerequisite/jdk7/jre/lib/rt.jar'
BOOT_TOOLSJAR='/cygdrive/c/AdoptOpenJDK/prerequisite/jdk7/lib/tools.jar'
BUILD_CC='/cygdrive/c/progra~2/micros~1.0/vc/bin/x86_am~1/cl'
BUILD_CXX='/cygdrive/c/progra~2/micros~1.0/vc/bin/x86_am~1/cl'
BUILD_HEADLESS='BUILD_HEADLESS:=true'
BUILD_HOTSPOT='true'
BUILD_LD='/cygdrive/c/progra~2/micros~1.0/vc/bin/x86_am~1/link'
BUILD_LOG='$(OUTPUT_ROOT)/build.log'
BUILD_LOG_PREVIOUS='$(OUTPUT_ROOT)/build.log.old'
BUILD_LOG_WRAPPER='$(BASH) $(SRC_ROOT)/common/bin/logger.sh $(BUILD_LOG)'
BUILD_OUTPUT='/cygdrive/c/cygwin64/home/fujimoto/openjdk-jdk8u/build/windows-x86_64-normal-server-release'
BUILD_VARIANT_RELEASE=''
CACERTS_FILE='/cygdrive/c/cygwin64/home/fujimoto/openjdk-jdk8u/jdk/src/share/lib/security/cacerts'
CAT='/usr/bin/cat'
CC='/cygdrive/c/progra~2/micros~1.0/vc/bin/x86_am~1/cl'
CCACHE=''
CC_OUT_OPTION='-Fo'
CC_VERSION_NUMBER='18.00.21005.1'
CFLAGS=''
CFLAGS_DEBUG_SYMBOLS=''
CFLAGS_JDKEXE=' -nologo          -Zi -MD -Zc:wchar_t- -W3 -wd4800         -DWIN32_LEAN_AND_MEAN         -D_CRT_SECURE_NO_DEPRECATE -D_CRT_NONSTDC_NO_DEPRECATE         -DWIN32 -DIAL -D_AMD64_ -Damd64  -D_LITTLE_ENDIAN -DWINDOWS -DARCH='\''"amd64"'\'' -Damd64 -DNDEBUG -DRELEASE='\''"$(RELEASE)"'\''       -I/cygdrive/c/cygwin64/home/fujimoto/openjdk-jdk8u/build/windows-x86_64-normal-server-release/jdk/include       -I/cygdrive/c/cygwin64/home/fujimoto/openjdk-jdk8u/build/windows-x86_64-normal-server-release/jdk/include/windows       -I/cygdrive/c/cygwin64/home/fujimoto/openjdk-jdk8u/jdk/src/share/javavm/export       -I/cygdrive/c/cygwin64/home/fujimoto/openjdk-jdk8u/jdk/src/windows/javavm/export       -I/cygdrive/c/cygwin64/home/fujimoto/openjdk-jdk8u/jdk/src/share/native/common       -I/cygdrive/c/cygwin64/home/fujimoto/openjdk-jdk8u/jdk/src/windows/native/common  '
CFLAGS_JDKLIB=' -nologo          -Zi -MD -Zc:wchar_t- -W3 -wd4800         -DWIN32_LEAN_AND_MEAN         -D_CRT_SECURE_NO_DEPRECATE -D_CRT_NONSTDC_NO_DEPRECATE         -DWIN32 -DIAL -D_AMD64_ -Damd64  -D_LITTLE_ENDIAN -DWINDOWS -DARCH='\''"amd64"'\'' -Damd64 -DNDEBUG -DRELEASE='\''"$(RELEASE)"'\''       -I/cygdrive/c/cygwin64/home/fujimoto/openjdk-jdk8u/build/windows-x86_64-normal-server-release/jdk/include       -I/cygdrive/c/cygwin64/home/fujimoto/openjdk-jdk8u/build/windows-x86_64-normal-server-release/jdk/include/windows       -I/cygdrive/c/cygwin64/home/fujimoto/openjdk-jdk8u/jdk/src/share/javavm/export       -I/cygdrive/c/cygwin64/home/fujimoto/openjdk-jdk8u/jdk/src/windows/javavm/export       -I/cygdrive/c/cygwin64/home/fujimoto/openjdk-jdk8u/jdk/src/share/native/common       -I/cygdrive/c/cygwin64/home/fujimoto/openjdk-jdk8u/jdk/src/windows/native/common    '
CHECK_GMAKE=''
CHECK_MAKE='/usr/bin/make'
CHECK_TOOLSDIR_GMAKE=''
CHECK_TOOLSDIR_MAKE=''
CHMOD='/usr/bin/chmod'
CMP='/usr/bin/cmp'
CODESIGN=''
COMM='/usr/bin/comm'
COMPANY_NAME='Informatix'
COMPILER_SUPPORTS_TARGET_BITS_FLAG='true'
COMPILER_TARGET_BITS_FLAG='-m'
COMPILE_TYPE='native'
COMPRESS_JARS='false'
CONFIGURE_COMMAND_LINE='--with-boot-jdk=/cygdrive/c/AdoptOpenJDK/prerequisite/jdk7 --with-jvm-variants=server --with-freetype=/cygdrive/c/AdoptOpenJDK/prerequisite/freetype --disable-debug-symbols --disable-zip-debug-info --with-milestone=001 --with-user-release-suffix=informatix'
CONF_NAME='windows-x86_64-normal-server-release'
COOKED_BUILD_NUMBER='0'
COOKED_JDK_UPDATE_VERSION='0'
COPYRIGHT_YEAR='2019'
CORBA_TOPDIR='/cygdrive/c/cygwin64/home/fujimoto/openjdk-jdk8u/corba'
CP='/usr/bin/cp'
CPIO='/usr/bin/cpio'
CPP='/cygdrive/c/progra~2/micros~1.0/vc/bin/x86_am~1/cl -E'
CPPFLAGS=''
CUPS_CFLAGS=''
CUSTOM_MAKE_DIR=''
CUT='/usr/bin/cut'
CXX='/cygdrive/c/progra~2/micros~1.0/vc/bin/x86_am~1/cl'
CXXCPP='/cygdrive/c/progra~2/micros~1.0/vc/bin/x86_am~1/cl -E'
CXXFLAGS=' -I/cygdrive/c/AdoptOpenJDK/prerequisite/freetype/include'
CXXFLAGS_DEBUG_SYMBOLS=''
CXXFLAGS_JDKEXE=' -nologo          -Zi -MD -Zc:wchar_t- -W3 -wd4800         -DWIN32_LEAN_AND_MEAN         -D_CRT_SECURE_NO_DEPRECATE -D_CRT_NONSTDC_NO_DEPRECATE         -DWIN32 -DIAL -D_AMD64_ -Damd64  -D_LITTLE_ENDIAN -DWINDOWS -DARCH='\''"amd64"'\'' -Damd64 -DNDEBUG -DRELEASE='\''"$(RELEASE)"'\''       -I/cygdrive/c/cygwin64/home/fujimoto/openjdk-jdk8u/build/windows-x86_64-normal-server-release/jdk/include       -I/cygdrive/c/cygwin64/home/fujimoto/openjdk-jdk8u/build/windows-x86_64-normal-server-release/jdk/include/windows       -I/cygdrive/c/cygwin64/home/fujimoto/openjdk-jdk8u/jdk/src/share/javavm/export       -I/cygdrive/c/cygwin64/home/fujimoto/openjdk-jdk8u/jdk/src/windows/javavm/export       -I/cygdrive/c/cygwin64/home/fujimoto/openjdk-jdk8u/jdk/src/share/native/common       -I/cygdrive/c/cygwin64/home/fujimoto/openjdk-jdk8u/jdk/src/windows/native/common  '
CXXFLAGS_JDKLIB=' -nologo          -Zi -MD -Zc:wchar_t- -W3 -wd4800         -DWIN32_LEAN_AND_MEAN         -D_CRT_SECURE_NO_DEPRECATE -D_CRT_NONSTDC_NO_DEPRECATE         -DWIN32 -DIAL -D_AMD64_ -Damd64  -D_LITTLE_ENDIAN -DWINDOWS -DARCH='\''"amd64"'\'' -Damd64 -DNDEBUG -DRELEASE='\''"$(RELEASE)"'\''       -I/cygdrive/c/cygwin64/home/fujimoto/openjdk-jdk8u/build/windows-x86_64-normal-server-release/jdk/include       -I/cygdrive/c/cygwin64/home/fujimoto/openjdk-jdk8u/build/windows-x86_64-normal-server-release/jdk/include/windows       -I/cygdrive/c/cygwin64/home/fujimoto/openjdk-jdk8u/jdk/src/share/javavm/export       -I/cygdrive/c/cygwin64/home/fujimoto/openjdk-jdk8u/jdk/src/windows/javavm/export       -I/cygdrive/c/cygwin64/home/fujimoto/openjdk-jdk8u/jdk/src/share/native/common       -I/cygdrive/c/cygwin64/home/fujimoto/openjdk-jdk8u/jdk/src/windows/native/common     '
CXXSTD_CXXFLAG=''
CXX_FLAG_DEPS=''
CXX_FLAG_REORDER=''
CXX_O_FLAG_HI='-O1'
CXX_O_FLAG_HIGHEST='-O2'
CXX_O_FLAG_NONE='-Od'
CXX_O_FLAG_NORM='-O1'
CXX_VERSION_NUMBER='18.00.21005.1'
CYGPATH='/usr/bin/cygpath'
CYGWIN_LINK='/usr/bin/link'
C_FLAG_DEPS=''
C_FLAG_REORDER=''
C_O_FLAG_HI='-O1'
C_O_FLAG_HIGHEST='-O2'
C_O_FLAG_NONE='-Od'
C_O_FLAG_NORM='-O1'
DATE='/usr/bin/date'
DATE_WHEN_CONFIGURED='Fri Oct 25 17:46:09 JST 2019'
DEBUG_BINARIES=''
DEBUG_CLASSFILES='false'
DEBUG_LEVEL='release'
DEFINE_CROSS_COMPILE_ARCH=''
DEFS='-DHAVE_CONFIG_H'
DEVKIT_LIB_DIR=''
DF='/usr/bin/df'
DIFF='/usr/bin/diff'
DIRNAME='/usr/bin/dirname'
DSYMUTIL=''
DUMPBIN='/cygdrive/c/progra~2/micros~1.0/vc/bin/x86_am~1/dumpbin'
ECHO='/usr/bin/echo'
ECHO_C=''
ECHO_N='-n'
ECHO_T=''
EGREP='/usr/bin/grep -E'
ENABLE_DEBUG_SYMBOLS='false'
ENABLE_INTREE_EC='yes'
ENABLE_SJAVAC='no'
EXEEXT='.exe'
EXE_OUT_OPTION='-out:'
EXE_SUFFIX='.exe'
EXPR='/usr/bin/expr'
FASTDEBUG='false'
FDLIBM_CFLAGS=''
FGREP='/usr/bin/grep -F'
FILE='/usr/bin/file'
FIND='/usr/bin/find'
FIND_DELETE='-delete'
FIXPATH='/cygdrive/c/cygwin64/home/fujimoto/openjdk-jdk8u/build/windows-x86_64-normal-server-release/fixpath.exe -c'
FONTCONFIG_CFLAGS=''
FREETYPE_BUNDLE_LIB_PATH='/cygdrive/c/AdoptOpenJDK/prerequisite/freetype/lib'
FREETYPE_CFLAGS='-I/cygdrive/c/AdoptOpenJDK/prerequisite/freetype/include'
FREETYPE_LIBS='/cygdrive/c/AdoptOpenJDK/prerequisite/freetype/lib/freetype.lib'
GNM=''
GREP='/usr/bin/grep'
HEAD='/usr/bin/head'
HG=''
HOTSPOT_CXX='C:/progra~2/micros~1.0/vc/bin/x86_am~1/cl.exe'
HOTSPOT_DIST='/cygdrive/c/cygwin64/home/fujimoto/openjdk-jdk8u/build/windows-x86_64-normal-server-release/hotspot/dist'
HOTSPOT_LD='C:/progra~2/micros~1.0/vc/bin/x86_am~1/link.exe'
HOTSPOT_MAKE_ARGS='product  docs export_product'
HOTSPOT_MT='C:/progra~2/wi3cf2~1/8.1/bin/x86/mt.exe'
HOTSPOT_RC='C:/progra~2/wi3cf2~1/8.1/bin/x86/rc.exe'
HOTSPOT_TOPDIR='/cygdrive/c/cygwin64/home/fujimoto/openjdk-jdk8u/hotspot'
INCLUDE_SA='true'
IS_GNU_TIME='no'
JAVAC_CHECK=''
JAVAC_FLAGS=''
JAVA_CHECK=''
JAVA_FLAGS=' '
JAVA_FLAGS_BIG=' -Xms64M -Xmx1600M -XX:ThreadStackSize=1536 -XX:PermSize=32m -XX:MaxPermSize=160m'
JAVA_FLAGS_SMALL=' -XX:+UseSerialGC -Xms32M -Xmx512M'
JAXP_TOPDIR='/cygdrive/c/cygwin64/home/fujimoto/openjdk-jdk8u/jaxp'
JAXWS_TOPDIR='/cygdrive/c/cygwin64/home/fujimoto/openjdk-jdk8u/jaxws'
JDK_BUILD_NUMBER='b00'
JDK_MAJOR_VERSION='1'
JDK_MICRO_VERSION='0'
JDK_MINOR_VERSION='8'
JDK_RC_PLATFORM_NAME='Runtime'
JDK_TOPDIR='/cygdrive/c/cygwin64/home/fujimoto/openjdk-jdk8u/jdk'
JDK_UPDATE_VERSION=''
JDK_VARIANT='normal'
JDK_VERSION='1.8.0'
JOBS='4'
JTREGEXE=''
JT_HOME=''
JVM_INTERPRETER='template'
JVM_VARIANTS=',server,'
JVM_VARIANT_CLIENT='false'
JVM_VARIANT_CORE='false'
JVM_VARIANT_KERNEL='false'
JVM_VARIANT_MINIMAL1='false'
JVM_VARIANT_SERVER='true'
JVM_VARIANT_ZERO='false'
JVM_VARIANT_ZEROSHARK='false'
LANGTOOLS_TOPDIR='/cygdrive/c/cygwin64/home/fujimoto/openjdk-jdk8u/langtools'
LAUNCHER_NAME='gc'
LD='/cygdrive/c/progra~2/micros~1.0/vc/bin/x86_am~1/link'
LDCXX='/cygdrive/c/progra~2/micros~1.0/vc/bin/x86_am~1/link'
LDD='/usr/bin/ldd'
LDEXE='/cygdrive/c/progra~2/micros~1.0/vc/bin/x86_am~1/link'
LDEXECXX='/cygdrive/c/progra~2/micros~1.0/vc/bin/x86_am~1/link'
LDFLAGS=''
LDFLAGS_CXX_JDK=''
LDFLAGS_JDKEXE='  -nologo -opt:ref -incremental:no -debug /STACK:1048576'
LDFLAGS_JDKEXE_SUFFIX=''
LDFLAGS_JDKLIB='  -nologo -opt:ref -incremental:no -debug -dll -libpath:/cygdrive/c/cygwin64/home/fujimoto/openjdk-jdk8u/build/windows-x86_64-normal-server-release/jdk/lib'
LDFLAGS_JDKLIB_SUFFIX=''
LD_OUT_OPTION='-out:'
LEGACY_EXTRA_CFLAGS=' '
LEGACY_EXTRA_CXXFLAGS=' '
LEGACY_EXTRA_LDFLAGS=' '
LIBCXX=''
LIBDL=''
LIBFFI_CFLAGS=''
LIBFFI_LIBS=''
LIBM=''
LIBOBJS=''
LIBRARY_PREFIX=''
LIBS='-lm -ljpeg '
LIBZIP_CAN_USE_MMAP='true'
LIPO=''
LLVM_CFLAGS=''
LLVM_CONFIG=''
LLVM_LDFLAGS=''
LLVM_LIBS=''
LN='/usr/bin/ln'
LP64='LP64:='
LS='/usr/bin/ls'
LTLIBOBJS=''
MACOSX_BUNDLE_ID_BASE='jp.co.informatix.gc'
MACOSX_BUNDLE_NAME_BASE='GC'
MACOSX_UNIVERSAL=''
MACOSX_VERSION_MIN=''
MAKE='/usr/bin/make'
MCS=''
MEMORY_SIZE='8088'
MILESTONE='001'
MKDIR='/usr/bin/mkdir'
MKTEMP='/usr/bin/mktemp'
MSBUILD='msbuild.exe'
MSVCP_DLL='/cygdrive/c/progra~2/micros~1.0/vc/redist/x64/micros~1.crt/msvcp120.dll'
MSVCR_DLL='/cygdrive/c/progra~2/micros~1.0/vc/redist/x64/micros~1.crt/msvcr120.dll'
MT='/cygdrive/c/progra~2/wi3cf2~1/8.1/bin/x86/mt'
MV='/usr/bin/mv'
NASHORN_TOPDIR='/cygdrive/c/cygwin64/home/fujimoto/openjdk-jdk8u/nashorn'
NAWK='/usr/bin/gawk'
NM=''
NO_DELETE_NULL_POINTER_CHECKS_CFLAG=''
NO_LIFETIME_DSE_CFLAG=''
NUM_CORES='4'
OBJC=''
OBJCFLAGS=''
OBJCOPY=''
OBJDUMP='/usr/bin/objdump'
OBJEXT='obj'
OBJ_SUFFIX='.obj'
OPENJDK_BUILD_AUTOCONF_NAME='x86_64-unknown-cygwin'
OPENJDK_BUILD_CPU='x86_64'
OPENJDK_BUILD_CPU_ARCH='x86'
OPENJDK_BUILD_CPU_BITS='64'
OPENJDK_BUILD_CPU_ENDIAN='little'
OPENJDK_BUILD_OS='windows'
OPENJDK_BUILD_OS_API='winapi'
OPENJDK_BUILD_OS_ENV='windows.cygwin'
OPENJDK_TARGET_AUTOCONF_NAME='x86_64-unknown-cygwin'
OPENJDK_TARGET_CPU='x86_64'
OPENJDK_TARGET_CPU_ARCH='x86'
OPENJDK_TARGET_CPU_BITS='64'
OPENJDK_TARGET_CPU_ENDIAN='little'
OPENJDK_TARGET_CPU_ISADIR=''
OPENJDK_TARGET_CPU_JLI_CFLAGS='-DLIBARCHNAME='\''"amd64"'\'''
OPENJDK_TARGET_CPU_LEGACY='amd64'
OPENJDK_TARGET_CPU_LEGACY_LIB='amd64'
OPENJDK_TARGET_CPU_LIBDIR='/amd64'
OPENJDK_TARGET_CPU_OSARCH='amd64'
OPENJDK_TARGET_OS='windows'
OPENJDK_TARGET_OS_API='winapi'
OPENJDK_TARGET_OS_API_DIR='windows'
OPENJDK_TARGET_OS_ENV='windows.cygwin'
OPENJDK_TARGET_OS_EXPORT_DIR='windows'
OS_VERSION_MAJOR='2'
OS_VERSION_MICRO='2(0'
OS_VERSION_MINOR='11'
OTOOL=''
OUTPUT_ROOT='/cygdrive/c/cygwin64/home/fujimoto/openjdk-jdk8u/build/windows-x86_64-normal-server-release'
OVERRIDE_SRC_ROOT=''
PACKAGE_BUGREPORT='build-dev@openjdk.java.net'
PACKAGE_NAME='OpenJDK'
PACKAGE_PATH='/opt/local'
PACKAGE_STRING='OpenJDK jdk8'
PACKAGE_TARNAME='openjdk'
PACKAGE_URL='http://openjdk.java.net'
PACKAGE_VERSION='jdk8'
PATH_SEP=';'
PATH_SEPARATOR=':'
PKGHANDLER=''
PKG_CONFIG=''
POST_MCS_CMD=''
POST_STRIP_CMD=''
POTENTIAL_CC='/cygdrive/c/Program Files (x86)/Microsoft Visual Studio 12.0/VC/BIN/x86_amd64/cl'
POTENTIAL_CXX='/cygdrive/c/Program Files (x86)/Microsoft Visual Studio 12.0/VC/BIN/x86_amd64/cl'
PRINTF='/usr/bin/printf'
PRODUCT_NAME=''
PRODUCT_SUFFIX='Runtime Environment'
PROPER_COMPILER_CC=''
PROPER_COMPILER_CXX=''
RC='/cygdrive/c/progra~2/wi3cf2~1/8.1/bin/x86/rc'
RC_FLAGS='-nologo -l 0x409 -r -d NDEBUG         -d "JDK_BUILD_ID=$(FULL_VERSION)"         -d "JDK_COMPANY=$(COMPANY_NAME)"         -d "JDK_COMPONENT=$(PRODUCT_NAME) $(JDK_RC_PLATFORM_NAME) binary"         -d "JDK_VER=$(JDK_MINOR_VERSION).$(JDK_MICRO_VERSION).$(COOKED_JDK_UPDATE_VERSION).$(COOKED_BUILD_NUMBER)"         -d "JDK_COPYRIGHT=Copyright \xA9 2019"         -d "JDK_NAME=$(PRODUCT_NAME) $(JDK_RC_PLATFORM_NAME) $(JDK_MINOR_VERSION) $(JDK_UPDATE_META_TAG)"         -d "JDK_FVER=$(JDK_MINOR_VERSION),$(JDK_MICRO_VERSION),$(if $(COOKED_JDK_UPDATE_VERSION),$(COOKED_JDK_UPDATE_VERSION),0),$(COOKED_BUILD_NUMBER)"'
READELF='/usr/bin/readelf'
READLINK='/usr/bin/readlink'
REQUIRED_OS_NAME='Windows'
REQUIRED_OS_VERSION='5.2'
RM='/usr/bin/rm -f'
SALIB_NAME='sawindbg.dll'
SDKPATH=''
SED='/usr/bin/sed'
SETFILE=''
SET_DEVELOPER_DIR=''
SET_EXECUTABLE_ORIGIN=''
SET_OPENJDK='OPENJDK=true'
SET_SHARED_LIBRARY_MAPFILE=''
SET_SHARED_LIBRARY_NAME=''
SET_SHARED_LIBRARY_ORIGIN=''
SH='/usr/bin/sh'
SHARED_LIBRARY='$1.dll'
SHARED_LIBRARY_FLAGS='-LD'
SHARED_LIBRARY_SUFFIX='.dll'
SHELL='/usr/bin/bash'
SJAVAC_SERVER_DIR=''
SJAVAC_SERVER_JAVA='/cygdrive/c/AdoptOpenJDK/prerequisite/jdk7/bin/java  -verbosegc -d64 -Xms1G -Xmx3G'
SORT='/usr/bin/sort'
SPEC='/cygdrive/c/cygwin64/home/fujimoto/openjdk-jdk8u/build/windows-x86_64-normal-server-release/spec.gmk'
STAT='/usr/bin/stat'
STATIC_CXX_SETTING=''
STATIC_LIBRARY='$1.lib'
STATIC_LIBRARY_SUFFIX='.lib'
STRIP=''
STRIP_POLICY='min_strip'
SUPPORT_HEADFUL='yes'
SUPPORT_HEADLESS='yes'
SYSROOT_CFLAGS=''
SYSROOT_LDFLAGS=''
TAIL='/usr/bin/tail'
TAR='/usr/bin/tar'
TEE='/usr/bin/tee'
TEST_IN_BUILD='false'
TIME=''
TOOLCHAIN_PATH_CC=''
TOOLCHAIN_PATH_CXX=''
TOOLCHAIN_TYPE='microsoft'
TOPDIR='/cygdrive/c/cygwin64/home/fujimoto/openjdk-jdk8u'
TOUCH='/usr/bin/touch'
TR='/usr/bin/tr'
UCRT_DLL_DIR=''
UNAME='/usr/bin/uname'
UNIQ='/usr/bin/uniq'
UNLIMITED_CRYPTO='false'
UNZIP='/usr/bin/unzip'
USER_RELEASE_SUFFIX='informatix'
USE_CLANG=''
USE_EXTERNAL_LIBGIF='false'
USE_EXTERNAL_LIBJPEG='true'
USE_EXTERNAL_LIBZ='false'
USE_PRECOMPILED_HEADER='1'
USING_BROKEN_SUSE_LD='no'
VARIANT='OPT'
VENDOR_URL=''
VENDOR_URL_BUG=''
VENDOR_URL_VM_BUG=''
VS_INCLUDE='C:\Program Files (x86)\Microsoft Visual Studio 12.0\VC\INCLUDE;C:\Program Files (x86)\Windows Kits\8.1\include\shared;C:\Program Files (x86)\Windows Kits\8.1\include\um;C:\Program Files (x86)\Windows Kits\8.1\include\winrt;'
VS_LIB='C:\Program Files (x86)\Microsoft Visual Studio 12.0\VC\LIB\amd64;C:\Program Files (x86)\Windows Kits\8.1\lib\winv6.3\um\x64;'
VS_PATH='/cygdrive/c/Program Files (x86)/Microsoft Visual Studio 12.0/Common7/IDE/CommonExtensions/Microsoft/TestWindow:/cygdrive/c/Program Files (x86)/MSBuild/12.0/bin:/cygdrive/c/Program Files (x86)/Microsoft Visual Studio 12.0/Common7/IDE:/cygdrive/c/Program Files (x86)/Microsoft Visual Studio 12.0/VC/BIN/x86_amd64:/cygdrive/c/Program Files (x86)/Microsoft Visual Studio 12.0/VC/BIN:/cygdrive/c/Program Files (x86)/Microsoft Visual Studio 12.0/Common7/Tools:/cygdrive/c/Windows/Microsoft.NET/Framework/v4.0.30319:/cygdrive/c/Program Files (x86)/Microsoft Visual Studio 12.0/VC/VCPackages:/cygdrive/c/Program Files (x86)/Microsoft Visual Studio 12.0/Team Tools/Performance Tools:/cygdrive/c/Program Files (x86)/Windows Kits/8.1/bin/x86:/cygdrive/c/Program Files (x86)/Microsoft SDKs/Windows/v8.1A/bin/NETFX 4.5.1 Tools/x64:/usr/local/bin:/usr/bin:/cygdrive/c/Windows/system32:/cygdrive/c/Windows:/cygdrive/c/Windows/System32/Wbem:/cygdrive/c/Windows/System32/WindowsPowerShell/v1.0:/cygdrive/c/Program Files/Microsoft SQL Server/110/Tools/Binn:/usr/bin'
WC='/usr/bin/wc'
WHICH='/usr/bin/which'
XARGS='/usr/bin/xargs'
XATTR=''
XCODEBUILD=''
XMKMF=''
X_CFLAGS=''
X_EXTRA_LIBS=''
X_LIBS=''
X_PRE_LIBS=''
ZERO_ARCHDEF='AMD64'
ZERO_ARCHFLAG='-m64'
ZIP='/usr/bin/zip'
ZIP_DEBUGINFO_FILES='false'
ac_ct_AR=''
ac_ct_CC=''
ac_ct_CXX=''
ac_ct_NM=''
ac_ct_OBJC=''
ac_ct_OBJCOPY=''
ac_ct_OBJDUMP='objdump'
ac_ct_PROPER_COMPILER_CC=''
ac_ct_PROPER_COMPILER_CXX=''
ac_ct_STRIP=''
bindir='${exec_prefix}/bin'
build='x86_64-unknown-cygwin'
build_alias=''
build_cpu='x86_64'
build_os='cygwin'
build_vendor='unknown'
datadir='${datarootdir}'
datarootdir='${prefix}/share'
docdir='${datarootdir}/doc/${PACKAGE_TARNAME}'
dvidir='${docdir}'
exec_prefix='${prefix}'
host='x86_64-unknown-cygwin'
host_alias=''
host_cpu='x86_64'
host_os='cygwin'
host_vendor='unknown'
htmldir='${docdir}'
includedir='${prefix}/include'
infodir='${datarootdir}/info'
libdir='${exec_prefix}/lib'
libexecdir='${exec_prefix}/libexec'
localedir='${datarootdir}/locale'
localstatedir='${prefix}/var'
mandir='${datarootdir}/man'
oldincludedir='/usr/include'
pdfdir='${docdir}'
prefix='/usr/local'
program_transform_name='s,x,x,'
psdir='${docdir}'
runstatedir='${localstatedir}/run'
sbindir='${exec_prefix}/sbin'
sharedstatedir='${prefix}/com'
sysconfdir='${prefix}/etc'
target='x86_64-unknown-cygwin'
target_alias=''
target_cpu='x86_64'
target_os='cygwin'
target_vendor='unknown'

## ----------- ##
## confdefs.h. ##
## ----------- ##

/* confdefs.h */
#define PACKAGE_NAME "OpenJDK"
#define PACKAGE_TARNAME "openjdk"
#define PACKAGE_VERSION "jdk8"
#define PACKAGE_STRING "OpenJDK jdk8"
#define PACKAGE_BUGREPORT "build-dev@openjdk.java.net"
#define PACKAGE_URL "http://openjdk.java.net"
#define STDC_HEADERS 1
#define HAVE_SYS_TYPES_H 1
#define HAVE_SYS_STAT_H 1
#define HAVE_STDLIB_H 1
#define HAVE_STRING_H 1
#define HAVE_MEMORY_H 1
#define HAVE_INTTYPES_H 1
#define HAVE_STDINT_H 1
#define HAVE_STDIO_H 1
#define SIZEOF_INT_P 8
#define X_DISPLAY_MISSING 1
#define HAVE_LIBJPEG 1
#define HAVE_LIBM 1

configure: exit 0
